TpTrace Verbose: 0 : 23480, 1, 2024/11/18, 16:23:01.987, 54880196944, vstest.console.dll, Version: 17.10.0-release-24272-11 Current process architecture: X64
TpTrace Verbose: 0 : 23480, 1, 2024/11/18, 16:23:01.989, 54880216018, vstest.console.dll, Runtime location: C:\Program Files\dotnet\shared\Microsoft.NETCore.App\8.0.7
TpTrace Verbose: 0 : 23480, 1, 2024/11/18, 16:23:01.991, 54880229165, vstest.console.dll, ArtifactProcessingPostProcessModeProcessorExecutor.Initialize: ArtifactProcessingMode.Collect
TpTrace Verbose: 0 : 23480, 1, 2024/11/18, 16:23:01.991, 54880229978, vstest.console.dll, TestSessionCorrelationIdProcessorModeProcessorExecutor.Initialize: TestSessionCorrelationId '5560_f195ed20-cc55-40c6-a165-e88d881b44c6'
TpTrace Information: 0 : 23480, 1, 2024/11/18, 16:23:01.998, 54880306696, vstest.console.dll, FilePatternParser: The given file C:\Corp\Velveer\Participants\Day9\FirstAPISolution\ShoppingAppTest\bin\Debug\net8.0\fine-code-coverage\build-output\ShoppingAppTest.dll is a full path.
TpTrace Verbose: 0 : 23480, 1, 2024/11/18, 16:23:02.001, 54880332537, vstest.console.dll, TestPluginCache.DiscoverTestExtensions: finding test extensions in assemblies ends with: RuntimeProvider.dll TPluginInfo: Microsoft.VisualStudio.TestPlatform.Common.ExtensionFramework.Utilities.TestRuntimePluginInformation TExtension: Microsoft.VisualStudio.TestPlatform.ObjectModel.Host.ITestRuntimeProvider
TpTrace Verbose: 0 : 23480, 1, 2024/11/18, 16:23:02.001, 54880334535, vstest.console.dll, TestPluginCache.GetExtensionPaths: Filtered extension paths: 
TpTrace Verbose: 0 : 23480, 1, 2024/11/18, 16:23:02.001, 54880334987, vstest.console.dll, TestPluginCache.GetExtensionPaths: Added default extension paths: C:\Program Files\dotnet\sdk\8.0.303\Extensions\Microsoft.Diagnostics.NETCore.Client.dll
C:\Program Files\dotnet\sdk\8.0.303\Extensions\Microsoft.TestPlatform.Extensions.BlameDataCollector.dll
C:\Program Files\dotnet\sdk\8.0.303\Extensions\Microsoft.TestPlatform.Extensions.EventLogCollector.dll
C:\Program Files\dotnet\sdk\8.0.303\Extensions\Microsoft.TestPlatform.TestHostRuntimeProvider.dll
C:\Program Files\dotnet\sdk\8.0.303\Extensions\Microsoft.VisualStudio.TestPlatform.Extensions.Html.TestLogger.dll
C:\Program Files\dotnet\sdk\8.0.303\Extensions\Microsoft.VisualStudio.TestPlatform.Extensions.Trx.TestLogger.dll
TpTrace Verbose: 0 : 23480, 1, 2024/11/18, 16:23:02.001, 54880335126, vstest.console.dll, TestPluginCache.GetExtensionPaths: Added unfilterableExtensionPaths: 
TpTrace Information: 0 : 23480, 1, 2024/11/18, 16:23:02.001, 54880338206, vstest.console.dll, AssemblyResolver.ctor: Creating AssemblyResolver with searchDirectories C:\Program Files\dotnet\sdk\8.0.303\Extensions,C:\Program Files\dotnet\sdk\8.0.303
TpTrace Verbose: 0 : 23480, 1, 2024/11/18, 16:23:02.002, 54880345985, vstest.console.dll, TestPluginCache.DiscoverTestExtensions: Discovering the extensions using extension path.
TpTrace Verbose: 0 : 23480, 1, 2024/11/18, 16:23:02.002, 54880346824, vstest.console.dll, TestPluginCache.GetExtensionPaths: Filtered extension paths: 
TpTrace Verbose: 0 : 23480, 1, 2024/11/18, 16:23:02.002, 54880347047, vstest.console.dll, TestPluginCache.GetExtensionPaths: Added default extension paths: C:\Program Files\dotnet\sdk\8.0.303\Extensions\Microsoft.Diagnostics.NETCore.Client.dll
C:\Program Files\dotnet\sdk\8.0.303\Extensions\Microsoft.TestPlatform.Extensions.BlameDataCollector.dll
C:\Program Files\dotnet\sdk\8.0.303\Extensions\Microsoft.TestPlatform.Extensions.EventLogCollector.dll
C:\Program Files\dotnet\sdk\8.0.303\Extensions\Microsoft.TestPlatform.TestHostRuntimeProvider.dll
C:\Program Files\dotnet\sdk\8.0.303\Extensions\Microsoft.VisualStudio.TestPlatform.Extensions.Html.TestLogger.dll
C:\Program Files\dotnet\sdk\8.0.303\Extensions\Microsoft.VisualStudio.TestPlatform.Extensions.Trx.TestLogger.dll
TpTrace Verbose: 0 : 23480, 1, 2024/11/18, 16:23:02.002, 54880347176, vstest.console.dll, TestPluginCache.GetExtensionPaths: Added unfilterableExtensionPaths: 
TpTrace Verbose: 0 : 23480, 1, 2024/11/18, 16:23:02.002, 54880347479, vstest.console.dll, TestPluginCache.DiscoverTestExtensions: Discovering the extensions using allExtensionPaths: C:\Program Files\dotnet\sdk\8.0.303\Extensions\Microsoft.Diagnostics.NETCore.Client.dll
C:\Program Files\dotnet\sdk\8.0.303\Extensions\Microsoft.TestPlatform.Extensions.BlameDataCollector.dll
C:\Program Files\dotnet\sdk\8.0.303\Extensions\Microsoft.TestPlatform.Extensions.EventLogCollector.dll
C:\Program Files\dotnet\sdk\8.0.303\Extensions\Microsoft.TestPlatform.TestHostRuntimeProvider.dll
C:\Program Files\dotnet\sdk\8.0.303\Extensions\Microsoft.VisualStudio.TestPlatform.Extensions.Html.TestLogger.dll
C:\Program Files\dotnet\sdk\8.0.303\Extensions\Microsoft.VisualStudio.TestPlatform.Extensions.Trx.TestLogger.dll
TpTrace Information: 0 : 23480, 1, 2024/11/18, 16:23:02.002, 54880348391, vstest.console.dll, AssemblyResolver.AddSearchDirectories: Adding more searchDirectories C:\Program Files\dotnet\sdk\8.0.303\Extensions,C:\Program Files\dotnet\sdk\8.0.303
TpTrace Information: 0 : 23480, 1, 2024/11/18, 16:23:02.002, 54880348657, vstest.console.dll, AssemblyResolver.AddSearchDirectories: Adding more searchDirectories C:\Program Files\dotnet\sdk\8.0.303\Extensions,C:\Program Files\dotnet\sdk\8.0.303
TpTrace Information: 0 : 23480, 1, 2024/11/18, 16:23:02.002, 54880348779, vstest.console.dll, AssemblyResolver.AddSearchDirectories: Adding more searchDirectories C:\Program Files\dotnet\sdk\8.0.303\Extensions,C:\Program Files\dotnet\sdk\8.0.303
TpTrace Information: 0 : 23480, 1, 2024/11/18, 16:23:02.003, 54880348893, vstest.console.dll, AssemblyResolver.AddSearchDirectories: Adding more searchDirectories C:\Program Files\dotnet\sdk\8.0.303\Extensions,C:\Program Files\dotnet\sdk\8.0.303
TpTrace Information: 0 : 23480, 1, 2024/11/18, 16:23:02.003, 54880349037, vstest.console.dll, AssemblyResolver.AddSearchDirectories: Adding more searchDirectories C:\Program Files\dotnet\sdk\8.0.303\Extensions,C:\Program Files\dotnet\sdk\8.0.303
TpTrace Information: 0 : 23480, 1, 2024/11/18, 16:23:02.003, 54880349158, vstest.console.dll, AssemblyResolver.AddSearchDirectories: Adding more searchDirectories C:\Program Files\dotnet\sdk\8.0.303\Extensions,C:\Program Files\dotnet\sdk\8.0.303
TpTrace Information: 0 : 23480, 1, 2024/11/18, 16:23:02.003, 54880352503, vstest.console.dll, AssemblyResolver.OnResolve: Microsoft.Diagnostics.NETCore.Client: Resolving assembly.
TpTrace Information: 0 : 23480, 1, 2024/11/18, 16:23:02.003, 54880352957, vstest.console.dll, AssemblyResolver.OnResolve: Microsoft.Diagnostics.NETCore.Client: Searching in: 'C:\Program Files\dotnet\sdk\8.0.303\Extensions'.
TpTrace Information: 0 : 23480, 1, 2024/11/18, 16:23:02.007, 54880390785, vstest.console.dll, AssemblyResolver.OnResolve: Microsoft.Diagnostics.NETCore.Client: Loading assembly 'C:\Program Files\dotnet\sdk\8.0.303\Extensions\Microsoft.Diagnostics.NETCore.Client.dll'.
TpTrace Information: 0 : 23480, 1, 2024/11/18, 16:23:02.007, 54880393711, vstest.console.dll, AssemblyResolver.OnResolve: Resolved assembly: Microsoft.Diagnostics.NETCore.Client, from path: C:\Program Files\dotnet\sdk\8.0.303\Extensions\Microsoft.Diagnostics.NETCore.Client.dll
TpTrace Verbose: 0 : 23480, 1, 2024/11/18, 16:23:02.010, 54880420094, vstest.console.dll, MetadataReaderExtensionsHelper: Discovering extensions inside assembly 'Microsoft.Diagnostics.NETCore.Client, Version=0.2.10.15101, Culture=neutral, PublicKeyToken=31bf3856ad364e35' file path 'C:\Program Files\dotnet\sdk\8.0.303\Extensions\Microsoft.Diagnostics.NETCore.Client.dll'
TpTrace Information: 0 : 23480, 1, 2024/11/18, 16:23:02.012, 54880439903, vstest.console.dll, AssemblyResolver.OnResolve: Microsoft.Bcl.AsyncInterfaces: Resolving assembly.
TpTrace Information: 0 : 23480, 1, 2024/11/18, 16:23:02.012, 54880440467, vstest.console.dll, AssemblyResolver.OnResolve: Microsoft.Bcl.AsyncInterfaces: Searching in: 'C:\Program Files\dotnet\sdk\8.0.303\Extensions'.
TpTrace Information: 0 : 23480, 1, 2024/11/18, 16:23:02.012, 54880440893, vstest.console.dll, AssemblyResolver.OnResolve: Microsoft.Bcl.AsyncInterfaces: Assembly path does not exist: 'C:\Program Files\dotnet\sdk\8.0.303\Extensions\Microsoft.Bcl.AsyncInterfaces.dll', returning.
TpTrace Information: 0 : 23480, 1, 2024/11/18, 16:23:02.012, 54880441610, vstest.console.dll, AssemblyResolver.OnResolve: Microsoft.Bcl.AsyncInterfaces: Assembly path does not exist: 'C:\Program Files\dotnet\sdk\8.0.303\Extensions\Microsoft.Bcl.AsyncInterfaces.exe', returning.
TpTrace Information: 0 : 23480, 1, 2024/11/18, 16:23:02.012, 54880441832, vstest.console.dll, AssemblyResolver.OnResolve: Microsoft.Bcl.AsyncInterfaces: Searching in: 'C:\Program Files\dotnet\sdk\8.0.303'.
TpTrace Information: 0 : 23480, 1, 2024/11/18, 16:23:02.012, 54880442213, vstest.console.dll, AssemblyResolver.OnResolve: Microsoft.Bcl.AsyncInterfaces: Assembly path does not exist: 'C:\Program Files\dotnet\sdk\8.0.303\Microsoft.Bcl.AsyncInterfaces.dll', returning.
TpTrace Information: 0 : 23480, 1, 2024/11/18, 16:23:02.012, 54880442532, vstest.console.dll, AssemblyResolver.OnResolve: Microsoft.Bcl.AsyncInterfaces: Assembly path does not exist: 'C:\Program Files\dotnet\sdk\8.0.303\Microsoft.Bcl.AsyncInterfaces.exe', returning.
TpTrace Information: 0 : 23480, 1, 2024/11/18, 16:23:02.012, 54880442745, vstest.console.dll, AssemblyResolver.OnResolve: Microsoft.Bcl.AsyncInterfaces: Failed to load assembly.
TpTrace Verbose: 0 : 23480, 1, 2024/11/18, 16:23:02.012, 54880443001, vstest.console.dll, CurrentDomainAssemblyResolve: Resolving assembly 'Microsoft.Bcl.AsyncInterfaces'.
TpTrace Information: 0 : 23480, 1, 2024/11/18, 16:23:02.012, 54880443342, vstest.console.dll, AssemblyResolver.OnResolve: Microsoft.Bcl.AsyncInterfaces: Resolving assembly.
TpTrace Information: 0 : 23480, 1, 2024/11/18, 16:23:02.012, 54880443515, vstest.console.dll, AssemblyResolver.OnResolve: Microsoft.Bcl.AsyncInterfaces: Resolved from cache.
TpTrace Verbose: 0 : 23480, 1, 2024/11/18, 16:23:02.012, 54880443634, vstest.console.dll, CurrentDomainAssemblyResolve: Resolving assembly 'Microsoft.Bcl.AsyncInterfaces'.
TpTrace Verbose: 0 : 23480, 1, 2024/11/18, 16:23:02.012, 54880443791, vstest.console.dll, CurrentDomainAssemblyResolve: Failed to resolve assembly 'Microsoft.Bcl.AsyncInterfaces'.
TpTrace Verbose: 0 : 23480, 1, 2024/11/18, 16:23:02.012, 54880447960, vstest.console.dll, CurrentDomainAssemblyResolve: Failed to resolve assembly 'Microsoft.Bcl.AsyncInterfaces'.
TpTrace Warning: 0 : 23480, 1, 2024/11/18, 16:23:02.018, 54880505293, vstest.console.dll, TestPluginDiscoverer: Failed to get types from assembly 'Microsoft.Diagnostics.NETCore.Client, Version=0.2.10.15101, Culture=neutral, PublicKeyToken=31bf3856ad364e35'. Error: System.Reflection.ReflectionTypeLoadException: Unable to load one or more of the requested types.
Could not load file or assembly 'Microsoft.Bcl.AsyncInterfaces, Version=6.0.0.0, Culture=neutral, PublicKeyToken=cc7b13ffcd2ddd51'. The system cannot find the file specified.
   at System.Reflection.RuntimeModule.GetTypes(RuntimeModule module)
   at System.Reflection.RuntimeModule.GetTypes()
   at Microsoft.VisualStudio.TestPlatform.Common.ExtensionFramework.TestPluginDiscoverer.GetTestExtensionsFromAssembly[TPluginInfo,TExtension](Assembly assembly, Dictionary`2 pluginInfos, String filePath) in /_/src/Microsoft.TestPlatform.Common/ExtensionFramework/TestPluginDiscoverer.cs:line 158
System.IO.FileNotFoundException: Could not load file or assembly 'Microsoft.Bcl.AsyncInterfaces, Version=6.0.0.0, Culture=neutral, PublicKeyToken=cc7b13ffcd2ddd51'. The system cannot find the file specified.
File name: 'Microsoft.Bcl.AsyncInterfaces, Version=6.0.0.0, Culture=neutral, PublicKeyToken=cc7b13ffcd2ddd51'
 ---> System.IO.FileNotFoundException: Could not load file or assembly 'Microsoft.Bcl.AsyncInterfaces, Culture=neutral, PublicKeyToken=null'. The system cannot find the file specified.
File name: 'Microsoft.Bcl.AsyncInterfaces, Culture=neutral, PublicKeyToken=null'
   at System.Reflection.RuntimeAssembly.InternalLoad(AssemblyName assemblyName, StackCrawlMark& stackMark, AssemblyLoadContext assemblyLoadContext, RuntimeAssembly requestingAssembly, Boolean throwOnFileNotFound)
   at System.Reflection.Assembly.Load(AssemblyName assemblyRef)
   at Microsoft.VisualStudio.TestPlatform.Common.ExtensionFramework.TestPluginCache.CurrentDomainAssemblyResolve(Object sender, AssemblyResolveEventArgs args) in /_/src/Microsoft.TestPlatform.Common/ExtensionFramework/TestPluginCache.cs:line 513
   at System.Runtime.Loader.AssemblyLoadContext.GetFirstResolvedAssemblyFromResolvingEvent(AssemblyName assemblyName)
   at System.Runtime.Loader.AssemblyLoadContext.ResolveUsingEvent(AssemblyName assemblyName)
   at System.Runtime.Loader.AssemblyLoadContext.ResolveUsingResolvingEvent(IntPtr gchManagedAssemblyLoadContext, AssemblyName assemblyName)
TpTrace Warning: 0 : 23480, 1, 2024/11/18, 16:23:02.018, 54880507668, vstest.console.dll, LoaderExceptions: System.IO.FileNotFoundException: Could not load file or assembly 'Microsoft.Bcl.AsyncInterfaces, Version=6.0.0.0, Culture=neutral, PublicKeyToken=cc7b13ffcd2ddd51'. The system cannot find the file specified.
File name: 'Microsoft.Bcl.AsyncInterfaces, Version=6.0.0.0, Culture=neutral, PublicKeyToken=cc7b13ffcd2ddd51'
 ---> System.IO.FileNotFoundException: Could not load file or assembly 'Microsoft.Bcl.AsyncInterfaces, Culture=neutral, PublicKeyToken=null'. The system cannot find the file specified.
File name: 'Microsoft.Bcl.AsyncInterfaces, Culture=neutral, PublicKeyToken=null'
   at System.Reflection.RuntimeAssembly.InternalLoad(AssemblyName assemblyName, StackCrawlMark& stackMark, AssemblyLoadContext assemblyLoadContext, RuntimeAssembly requestingAssembly, Boolean throwOnFileNotFound)
   at System.Reflection.Assembly.Load(AssemblyName assemblyRef)
   at Microsoft.VisualStudio.TestPlatform.Common.ExtensionFramework.TestPluginCache.CurrentDomainAssemblyResolve(Object sender, AssemblyResolveEventArgs args) in /_/src/Microsoft.TestPlatform.Common/ExtensionFramework/TestPluginCache.cs:line 513
   at System.Runtime.Loader.AssemblyLoadContext.GetFirstResolvedAssemblyFromResolvingEvent(AssemblyName assemblyName)
   at System.Runtime.Loader.AssemblyLoadContext.ResolveUsingEvent(AssemblyName assemblyName)
   at System.Runtime.Loader.AssemblyLoadContext.ResolveUsingResolvingEvent(IntPtr gchManagedAssemblyLoadContext, AssemblyName assemblyName)
TpTrace Information: 0 : 23480, 1, 2024/11/18, 16:23:02.018, 54880508580, vstest.console.dll, AssemblyResolver.OnResolve: Microsoft.TestPlatform.Extensions.BlameDataCollector: Resolving assembly.
TpTrace Information: 0 : 23480, 1, 2024/11/18, 16:23:02.018, 54880508775, vstest.console.dll, AssemblyResolver.OnResolve: Microsoft.TestPlatform.Extensions.BlameDataCollector: Searching in: 'C:\Program Files\dotnet\sdk\8.0.303\Extensions'.
TpTrace Information: 0 : 23480, 1, 2024/11/18, 16:23:02.019, 54880510612, vstest.console.dll, AssemblyResolver.OnResolve: Microsoft.TestPlatform.Extensions.BlameDataCollector: Loading assembly 'C:\Program Files\dotnet\sdk\8.0.303\Extensions\Microsoft.TestPlatform.Extensions.BlameDataCollector.dll'.
TpTrace Information: 0 : 23480, 1, 2024/11/18, 16:23:02.019, 54880512908, vstest.console.dll, AssemblyResolver.OnResolve: Resolved assembly: Microsoft.TestPlatform.Extensions.BlameDataCollector, from path: C:\Program Files\dotnet\sdk\8.0.303\Extensions\Microsoft.TestPlatform.Extensions.BlameDataCollector.dll
TpTrace Verbose: 0 : 23480, 1, 2024/11/18, 16:23:02.019, 54880513435, vstest.console.dll, MetadataReaderExtensionsHelper: Discovering extensions inside assembly 'Microsoft.TestPlatform.Extensions.BlameDataCollector, Version=15.0.0.0, Culture=neutral, PublicKeyToken=b03f5f7f11d50a3a' file path 'C:\Program Files\dotnet\sdk\8.0.303\Extensions\Microsoft.TestPlatform.Extensions.BlameDataCollector.dll'
TpTrace Information: 0 : 23480, 1, 2024/11/18, 16:23:02.020, 54880521062, vstest.console.dll, AssemblyResolver.OnResolve: Microsoft.TestPlatform.Extensions.EventLogCollector: Resolving assembly.
TpTrace Information: 0 : 23480, 1, 2024/11/18, 16:23:02.020, 54880521443, vstest.console.dll, AssemblyResolver.OnResolve: Microsoft.TestPlatform.Extensions.EventLogCollector: Searching in: 'C:\Program Files\dotnet\sdk\8.0.303\Extensions'.
TpTrace Information: 0 : 23480, 1, 2024/11/18, 16:23:02.020, 54880523089, vstest.console.dll, AssemblyResolver.OnResolve: Microsoft.TestPlatform.Extensions.EventLogCollector: Loading assembly 'C:\Program Files\dotnet\sdk\8.0.303\Extensions\Microsoft.TestPlatform.Extensions.EventLogCollector.dll'.
TpTrace Information: 0 : 23480, 1, 2024/11/18, 16:23:02.020, 54880524701, vstest.console.dll, AssemblyResolver.OnResolve: Resolved assembly: Microsoft.TestPlatform.Extensions.EventLogCollector, from path: C:\Program Files\dotnet\sdk\8.0.303\Extensions\Microsoft.TestPlatform.Extensions.EventLogCollector.dll
TpTrace Verbose: 0 : 23480, 1, 2024/11/18, 16:23:02.020, 54880525043, vstest.console.dll, MetadataReaderExtensionsHelper: Discovering extensions inside assembly 'Microsoft.TestPlatform.Extensions.EventLogCollector, Version=15.0.0.0, Culture=neutral, PublicKeyToken=b03f5f7f11d50a3a' file path 'C:\Program Files\dotnet\sdk\8.0.303\Extensions\Microsoft.TestPlatform.Extensions.EventLogCollector.dll'
TpTrace Information: 0 : 23480, 1, 2024/11/18, 16:23:02.021, 54880535993, vstest.console.dll, AssemblyResolver.OnResolve: Microsoft.TestPlatform.TestHostRuntimeProvider: Resolving assembly.
TpTrace Information: 0 : 23480, 1, 2024/11/18, 16:23:02.021, 54880536410, vstest.console.dll, AssemblyResolver.OnResolve: Microsoft.TestPlatform.TestHostRuntimeProvider: Searching in: 'C:\Program Files\dotnet\sdk\8.0.303\Extensions'.
TpTrace Information: 0 : 23480, 1, 2024/11/18, 16:23:02.021, 54880537900, vstest.console.dll, AssemblyResolver.OnResolve: Microsoft.TestPlatform.TestHostRuntimeProvider: Loading assembly 'C:\Program Files\dotnet\sdk\8.0.303\Extensions\Microsoft.TestPlatform.TestHostRuntimeProvider.dll'.
TpTrace Information: 0 : 23480, 1, 2024/11/18, 16:23:02.022, 54880539749, vstest.console.dll, AssemblyResolver.OnResolve: Resolved assembly: Microsoft.TestPlatform.TestHostRuntimeProvider, from path: C:\Program Files\dotnet\sdk\8.0.303\Extensions\Microsoft.TestPlatform.TestHostRuntimeProvider.dll
TpTrace Verbose: 0 : 23480, 1, 2024/11/18, 16:23:02.022, 54880540052, vstest.console.dll, MetadataReaderExtensionsHelper: Discovering extensions inside assembly 'Microsoft.TestPlatform.TestHostRuntimeProvider, Version=15.0.0.0, Culture=neutral, PublicKeyToken=b03f5f7f11d50a3a' file path 'C:\Program Files\dotnet\sdk\8.0.303\Extensions\Microsoft.TestPlatform.TestHostRuntimeProvider.dll'
TpTrace Information: 0 : 23480, 1, 2024/11/18, 16:23:02.022, 54880547626, vstest.console.dll, GetTestExtensionFromType: Register extension with identifier data 'HostProvider://DefaultTestHost' and type 'Microsoft.VisualStudio.TestPlatform.CrossPlatEngine.Hosting.DefaultTestHostManager, Microsoft.TestPlatform.TestHostRuntimeProvider, Version=15.0.0.0, Culture=neutral, PublicKeyToken=b03f5f7f11d50a3a' inside file 'C:\Program Files\dotnet\sdk\8.0.303\Extensions\Microsoft.TestPlatform.TestHostRuntimeProvider.dll'
TpTrace Information: 0 : 23480, 1, 2024/11/18, 16:23:02.023, 54880549216, vstest.console.dll, GetTestExtensionFromType: Register extension with identifier data 'HostProvider://DotnetTestHost' and type 'Microsoft.VisualStudio.TestPlatform.CrossPlatEngine.Hosting.DotnetTestHostManager, Microsoft.TestPlatform.TestHostRuntimeProvider, Version=15.0.0.0, Culture=neutral, PublicKeyToken=b03f5f7f11d50a3a' inside file 'C:\Program Files\dotnet\sdk\8.0.303\Extensions\Microsoft.TestPlatform.TestHostRuntimeProvider.dll'
TpTrace Information: 0 : 23480, 1, 2024/11/18, 16:23:02.023, 54880549637, vstest.console.dll, AssemblyResolver.OnResolve: Microsoft.VisualStudio.TestPlatform.Extensions.Html.TestLogger: Resolving assembly.
TpTrace Information: 0 : 23480, 1, 2024/11/18, 16:23:02.023, 54880549790, vstest.console.dll, AssemblyResolver.OnResolve: Microsoft.VisualStudio.TestPlatform.Extensions.Html.TestLogger: Searching in: 'C:\Program Files\dotnet\sdk\8.0.303\Extensions'.
TpTrace Information: 0 : 23480, 1, 2024/11/18, 16:23:02.023, 54880551266, vstest.console.dll, AssemblyResolver.OnResolve: Microsoft.VisualStudio.TestPlatform.Extensions.Html.TestLogger: Loading assembly 'C:\Program Files\dotnet\sdk\8.0.303\Extensions\Microsoft.VisualStudio.TestPlatform.Extensions.Html.TestLogger.dll'.
TpTrace Information: 0 : 23480, 1, 2024/11/18, 16:23:02.023, 54880553132, vstest.console.dll, AssemblyResolver.OnResolve: Resolved assembly: Microsoft.VisualStudio.TestPlatform.Extensions.Html.TestLogger, from path: C:\Program Files\dotnet\sdk\8.0.303\Extensions\Microsoft.VisualStudio.TestPlatform.Extensions.Html.TestLogger.dll
TpTrace Verbose: 0 : 23480, 1, 2024/11/18, 16:23:02.023, 54880553518, vstest.console.dll, MetadataReaderExtensionsHelper: Discovering extensions inside assembly 'Microsoft.VisualStudio.TestPlatform.Extensions.Html.TestLogger, Version=15.0.0.0, Culture=neutral, PublicKeyToken=b03f5f7f11d50a3a' file path 'C:\Program Files\dotnet\sdk\8.0.303\Extensions\Microsoft.VisualStudio.TestPlatform.Extensions.Html.TestLogger.dll'
TpTrace Information: 0 : 23480, 1, 2024/11/18, 16:23:02.023, 54880557206, vstest.console.dll, AssemblyResolver.OnResolve: Microsoft.VisualStudio.TestPlatform.Extensions.Trx.TestLogger: Resolving assembly.
TpTrace Information: 0 : 23480, 1, 2024/11/18, 16:23:02.023, 54880557555, vstest.console.dll, AssemblyResolver.OnResolve: Microsoft.VisualStudio.TestPlatform.Extensions.Trx.TestLogger: Searching in: 'C:\Program Files\dotnet\sdk\8.0.303\Extensions'.
TpTrace Information: 0 : 23480, 1, 2024/11/18, 16:23:02.024, 54880558902, vstest.console.dll, AssemblyResolver.OnResolve: Microsoft.VisualStudio.TestPlatform.Extensions.Trx.TestLogger: Loading assembly 'C:\Program Files\dotnet\sdk\8.0.303\Extensions\Microsoft.VisualStudio.TestPlatform.Extensions.Trx.TestLogger.dll'.
TpTrace Information: 0 : 23480, 1, 2024/11/18, 16:23:02.024, 54880561029, vstest.console.dll, AssemblyResolver.OnResolve: Resolved assembly: Microsoft.VisualStudio.TestPlatform.Extensions.Trx.TestLogger, from path: C:\Program Files\dotnet\sdk\8.0.303\Extensions\Microsoft.VisualStudio.TestPlatform.Extensions.Trx.TestLogger.dll
TpTrace Verbose: 0 : 23480, 1, 2024/11/18, 16:23:02.024, 54880561355, vstest.console.dll, MetadataReaderExtensionsHelper: Discovering extensions inside assembly 'Microsoft.VisualStudio.TestPlatform.Extensions.Trx.TestLogger, Version=15.0.0.0, Culture=neutral, PublicKeyToken=b03f5f7f11d50a3a' file path 'C:\Program Files\dotnet\sdk\8.0.303\Extensions\Microsoft.VisualStudio.TestPlatform.Extensions.Trx.TestLogger.dll'
TpTrace Verbose: 0 : 23480, 1, 2024/11/18, 16:23:02.024, 54880566878, vstest.console.dll, TestPluginCache: Discovered the extensions using extension path ''.
TpTrace Verbose: 0 : 23480, 1, 2024/11/18, 16:23:02.024, 54880567323, vstest.console.dll, TestPluginCache: Discoverers are ''.
TpTrace Verbose: 0 : 23480, 1, 2024/11/18, 16:23:02.024, 54880567442, vstest.console.dll, TestPluginCache: Executors are ''.
TpTrace Verbose: 0 : 23480, 1, 2024/11/18, 16:23:02.024, 54880567553, vstest.console.dll, TestPluginCache: Executors2 are ''.
TpTrace Verbose: 0 : 23480, 1, 2024/11/18, 16:23:02.024, 54880567659, vstest.console.dll, TestPluginCache: Setting providers are ''.
TpTrace Verbose: 0 : 23480, 1, 2024/11/18, 16:23:02.024, 54880567763, vstest.console.dll, TestPluginCache: Loggers are ''.
TpTrace Verbose: 0 : 23480, 1, 2024/11/18, 16:23:02.024, 54880568838, vstest.console.dll, TestPluginCache: TestHosts are 'HostProvider://DefaultTestHost,HostProvider://DotnetTestHost'.
TpTrace Verbose: 0 : 23480, 1, 2024/11/18, 16:23:02.025, 54880569021, vstest.console.dll, TestPluginCache: DataCollectors are ''.
TpTrace Information: 0 : 23480, 1, 2024/11/18, 16:23:02.032, 54880643276, vstest.console.dll, RunTestsArgumentProcessor:Execute: Test run is starting.
TpTrace Verbose: 0 : 23480, 1, 2024/11/18, 16:23:02.032, 54880643833, vstest.console.dll, RunTestsArgumentProcessor:Execute: Queuing Test run.
TpTrace Information: 0 : 23480, 1, 2024/11/18, 16:23:02.032, 54880645195, vstest.console.dll, TestRequestManager.RunTests: run tests started.
TpTrace Information: 0 : 23480, 1, 2024/11/18, 16:23:02.033, 54880652053, vstest.console.dll, AssemblyMetadataProvider.GetFrameworkName: Determined framework:'.NETCoreApp,Version=v8.0' for source: 'C:\Corp\Velveer\Participants\Day9\FirstAPISolution\ShoppingAppTest\bin\Debug\net8.0\fine-code-coverage\build-output\ShoppingAppTest.dll'
TpTrace Information: 0 : 23480, 1, 2024/11/18, 16:23:02.033, 54880653113, vstest.console.dll, Determined framework for all sources: .NETCoreApp,Version=v8.0
TpTrace Verbose: 0 : 23480, 1, 2024/11/18, 16:23:02.033, 54880655213, vstest.console.dll, TestRequestManager.UpdateRunSettingsIfRequired: Default architecture: X64 IsDefaultTargetArchitecture: True, Current process architecture: X64 OperatingSystem: Windows.
TpTrace Information: 0 : 23480, 1, 2024/11/18, 16:23:02.034, 54880664948, vstest.console.dll, AssemblyMetadataProvider.GetArchitecture: Determined architecture:AnyCPU info for assembly: C:\Corp\Velveer\Participants\Day9\FirstAPISolution\ShoppingAppTest\bin\Debug\net8.0\fine-code-coverage\build-output\ShoppingAppTest.dll
TpTrace Information: 0 : 23480, 1, 2024/11/18, 16:23:02.034, 54880665316, vstest.console.dll, Determined platform for source 'C:\Corp\Velveer\Participants\Day9\FirstAPISolution\ShoppingAppTest\bin\Debug\net8.0\fine-code-coverage\build-output\ShoppingAppTest.dll' was AnyCPU and it will use the default plaform X64.
TpTrace Information: 0 : 23480, 1, 2024/11/18, 16:23:02.034, 54880665451, vstest.console.dll, None of the sources provided any runnable platform, using the default platform: X64
TpTrace Information: 0 : 23480, 1, 2024/11/18, 16:23:02.034, 54880666344, vstest.console.dll, Platform was updated to 'X64'.
TpTrace Information: 0 : 23480, 1, 2024/11/18, 16:23:02.036, 54880686859, vstest.console.dll, InferRunSettingsHelper.IsTestSettingsEnabled: Unable to navigate to RunSettings/MSTest. Current node: RunSettings
TpTrace Information: 0 : 23480, 1, 2024/11/18, 16:23:02.037, 54880691425, vstest.console.dll, AssemblyResolver.OnResolve: Microsoft.VisualStudio.TestPlatform.Fakes: Resolving assembly.
TpTrace Information: 0 : 23480, 1, 2024/11/18, 16:23:02.037, 54880691838, vstest.console.dll, AssemblyResolver.OnResolve: Microsoft.VisualStudio.TestPlatform.Fakes: Searching in: 'C:\Program Files\dotnet\sdk\8.0.303\Extensions'.
TpTrace Information: 0 : 23480, 1, 2024/11/18, 16:23:02.037, 54880692585, vstest.console.dll, AssemblyResolver.OnResolve: Microsoft.VisualStudio.TestPlatform.Fakes: Assembly path does not exist: 'C:\Program Files\dotnet\sdk\8.0.303\Extensions\Microsoft.VisualStudio.TestPlatform.Fakes.dll', returning.
TpTrace Information: 0 : 23480, 1, 2024/11/18, 16:23:02.037, 54880692822, vstest.console.dll, AssemblyResolver.OnResolve: Microsoft.VisualStudio.TestPlatform.Fakes: Assembly path does not exist: 'C:\Program Files\dotnet\sdk\8.0.303\Extensions\Microsoft.VisualStudio.TestPlatform.Fakes.exe', returning.
TpTrace Information: 0 : 23480, 1, 2024/11/18, 16:23:02.037, 54880692977, vstest.console.dll, AssemblyResolver.OnResolve: Microsoft.VisualStudio.TestPlatform.Fakes: Searching in: 'C:\Program Files\dotnet\sdk\8.0.303'.
TpTrace Information: 0 : 23480, 1, 2024/11/18, 16:23:02.037, 54880693230, vstest.console.dll, AssemblyResolver.OnResolve: Microsoft.VisualStudio.TestPlatform.Fakes: Assembly path does not exist: 'C:\Program Files\dotnet\sdk\8.0.303\Microsoft.VisualStudio.TestPlatform.Fakes.dll', returning.
TpTrace Information: 0 : 23480, 1, 2024/11/18, 16:23:02.037, 54880693419, vstest.console.dll, AssemblyResolver.OnResolve: Microsoft.VisualStudio.TestPlatform.Fakes: Assembly path does not exist: 'C:\Program Files\dotnet\sdk\8.0.303\Microsoft.VisualStudio.TestPlatform.Fakes.exe', returning.
TpTrace Information: 0 : 23480, 1, 2024/11/18, 16:23:02.037, 54880693522, vstest.console.dll, AssemblyResolver.OnResolve: Microsoft.VisualStudio.TestPlatform.Fakes: Failed to load assembly.
TpTrace Information: 0 : 23480, 1, 2024/11/18, 16:23:02.037, 54880695479, vstest.console.dll, Failed to load assembly Microsoft.VisualStudio.TestPlatform.Fakes, Version=17.0.0.0, Culture=neutral. Reason:System.IO.FileNotFoundException: Could not load file or assembly 'Microsoft.VisualStudio.TestPlatform.Fakes, Version=17.0.0.0, Culture=neutral, PublicKeyToken=null'. The system cannot find the file specified.
File name: 'Microsoft.VisualStudio.TestPlatform.Fakes, Version=17.0.0.0, Culture=neutral, PublicKeyToken=null'
   at System.Reflection.RuntimeAssembly.InternalLoad(AssemblyName assemblyName, StackCrawlMark& stackMark, AssemblyLoadContext assemblyLoadContext, RuntimeAssembly requestingAssembly, Boolean throwOnFileNotFound)
   at System.Reflection.Assembly.Load(AssemblyName assemblyRef)
   at Microsoft.VisualStudio.TestPlatform.Common.Utilities.FakesUtilities.LoadTestPlatformAssembly() in /_/src/Microsoft.TestPlatform.Common/Utilities/FakesUtilities.cs:line 272
TpTrace Verbose: 0 : 23480, 1, 2024/11/18, 16:23:02.039, 54880717322, vstest.console.dll, TestPluginCache.DiscoverTestExtensions: finding test extensions in assemblies ends with: TestLogger.dll TPluginInfo: Microsoft.VisualStudio.TestPlatform.Common.ExtensionFramework.Utilities.TestLoggerPluginInformation TExtension: Microsoft.VisualStudio.TestPlatform.ObjectModel.Client.ITestLogger
TpTrace Verbose: 0 : 23480, 1, 2024/11/18, 16:23:02.039, 54880717845, vstest.console.dll, TestPluginCache.GetExtensionPaths: Filtered extension paths: 
TpTrace Verbose: 0 : 23480, 1, 2024/11/18, 16:23:02.039, 54880718010, vstest.console.dll, TestPluginCache.GetExtensionPaths: Added default extension paths: C:\Program Files\dotnet\sdk\8.0.303\Extensions\Microsoft.Diagnostics.NETCore.Client.dll
C:\Program Files\dotnet\sdk\8.0.303\Extensions\Microsoft.TestPlatform.Extensions.BlameDataCollector.dll
C:\Program Files\dotnet\sdk\8.0.303\Extensions\Microsoft.TestPlatform.Extensions.EventLogCollector.dll
C:\Program Files\dotnet\sdk\8.0.303\Extensions\Microsoft.TestPlatform.TestHostRuntimeProvider.dll
C:\Program Files\dotnet\sdk\8.0.303\Extensions\Microsoft.VisualStudio.TestPlatform.Extensions.Html.TestLogger.dll
C:\Program Files\dotnet\sdk\8.0.303\Extensions\Microsoft.VisualStudio.TestPlatform.Extensions.Trx.TestLogger.dll
TpTrace Verbose: 0 : 23480, 1, 2024/11/18, 16:23:02.039, 54880718124, vstest.console.dll, TestPluginCache.GetExtensionPaths: Added unfilterableExtensionPaths: 
TpTrace Information: 0 : 23480, 1, 2024/11/18, 16:23:02.039, 54880718809, vstest.console.dll, AssemblyResolver.AddSearchDirectories: Adding more searchDirectories C:\Program Files\dotnet\sdk\8.0.303\Extensions,C:\Program Files\dotnet\sdk\8.0.303
TpTrace Verbose: 0 : 23480, 1, 2024/11/18, 16:23:02.040, 54880718983, vstest.console.dll, TestPluginCache.DiscoverTestExtensions: Discovering the extensions using extension path.
TpTrace Verbose: 0 : 23480, 1, 2024/11/18, 16:23:02.040, 54880719117, vstest.console.dll, TestPluginCache.GetExtensionPaths: Filtered extension paths: 
TpTrace Verbose: 0 : 23480, 1, 2024/11/18, 16:23:02.040, 54880719274, vstest.console.dll, TestPluginCache.GetExtensionPaths: Added default extension paths: C:\Program Files\dotnet\sdk\8.0.303\Extensions\Microsoft.Diagnostics.NETCore.Client.dll
C:\Program Files\dotnet\sdk\8.0.303\Extensions\Microsoft.TestPlatform.Extensions.BlameDataCollector.dll
C:\Program Files\dotnet\sdk\8.0.303\Extensions\Microsoft.TestPlatform.Extensions.EventLogCollector.dll
C:\Program Files\dotnet\sdk\8.0.303\Extensions\Microsoft.TestPlatform.TestHostRuntimeProvider.dll
C:\Program Files\dotnet\sdk\8.0.303\Extensions\Microsoft.VisualStudio.TestPlatform.Extensions.Html.TestLogger.dll
C:\Program Files\dotnet\sdk\8.0.303\Extensions\Microsoft.VisualStudio.TestPlatform.Extensions.Trx.TestLogger.dll
TpTrace Verbose: 0 : 23480, 1, 2024/11/18, 16:23:02.040, 54880719381, vstest.console.dll, TestPluginCache.GetExtensionPaths: Added unfilterableExtensionPaths: 
TpTrace Verbose: 0 : 23480, 1, 2024/11/18, 16:23:02.040, 54880719526, vstest.console.dll, TestPluginCache.DiscoverTestExtensions: Discovering the extensions using allExtensionPaths: C:\Program Files\dotnet\sdk\8.0.303\Extensions\Microsoft.Diagnostics.NETCore.Client.dll
C:\Program Files\dotnet\sdk\8.0.303\Extensions\Microsoft.TestPlatform.Extensions.BlameDataCollector.dll
C:\Program Files\dotnet\sdk\8.0.303\Extensions\Microsoft.TestPlatform.Extensions.EventLogCollector.dll
C:\Program Files\dotnet\sdk\8.0.303\Extensions\Microsoft.TestPlatform.TestHostRuntimeProvider.dll
C:\Program Files\dotnet\sdk\8.0.303\Extensions\Microsoft.VisualStudio.TestPlatform.Extensions.Html.TestLogger.dll
C:\Program Files\dotnet\sdk\8.0.303\Extensions\Microsoft.VisualStudio.TestPlatform.Extensions.Trx.TestLogger.dll
TpTrace Information: 0 : 23480, 1, 2024/11/18, 16:23:02.040, 54880720268, vstest.console.dll, AssemblyResolver.AddSearchDirectories: Adding more searchDirectories C:\Program Files\dotnet\sdk\8.0.303\Extensions,C:\Program Files\dotnet\sdk\8.0.303
TpTrace Information: 0 : 23480, 1, 2024/11/18, 16:23:02.040, 54880720451, vstest.console.dll, AssemblyResolver.AddSearchDirectories: Adding more searchDirectories C:\Program Files\dotnet\sdk\8.0.303\Extensions,C:\Program Files\dotnet\sdk\8.0.303
TpTrace Information: 0 : 23480, 1, 2024/11/18, 16:23:02.040, 54880720569, vstest.console.dll, AssemblyResolver.AddSearchDirectories: Adding more searchDirectories C:\Program Files\dotnet\sdk\8.0.303\Extensions,C:\Program Files\dotnet\sdk\8.0.303
TpTrace Information: 0 : 23480, 1, 2024/11/18, 16:23:02.040, 54880720687, vstest.console.dll, AssemblyResolver.AddSearchDirectories: Adding more searchDirectories C:\Program Files\dotnet\sdk\8.0.303\Extensions,C:\Program Files\dotnet\sdk\8.0.303
TpTrace Information: 0 : 23480, 1, 2024/11/18, 16:23:02.040, 54880720804, vstest.console.dll, AssemblyResolver.AddSearchDirectories: Adding more searchDirectories C:\Program Files\dotnet\sdk\8.0.303\Extensions,C:\Program Files\dotnet\sdk\8.0.303
TpTrace Information: 0 : 23480, 1, 2024/11/18, 16:23:02.040, 54880720954, vstest.console.dll, AssemblyResolver.AddSearchDirectories: Adding more searchDirectories C:\Program Files\dotnet\sdk\8.0.303\Extensions,C:\Program Files\dotnet\sdk\8.0.303
TpTrace Verbose: 0 : 23480, 1, 2024/11/18, 16:23:02.040, 54880721546, vstest.console.dll, MetadataReaderExtensionsHelper: Discovering extensions inside assembly 'Microsoft.Diagnostics.NETCore.Client, Version=0.2.10.15101, Culture=neutral, PublicKeyToken=31bf3856ad364e35' file path 'C:\Program Files\dotnet\sdk\8.0.303\Extensions\Microsoft.Diagnostics.NETCore.Client.dll'
TpTrace Information: 0 : 23480, 1, 2024/11/18, 16:23:02.040, 54880726041, vstest.console.dll, AssemblyResolver.OnResolve: Microsoft.Bcl.AsyncInterfaces: Resolving assembly.
TpTrace Information: 0 : 23480, 1, 2024/11/18, 16:23:02.040, 54880726359, vstest.console.dll, AssemblyResolver.OnResolve: Microsoft.Bcl.AsyncInterfaces: Resolved from cache.
TpTrace Verbose: 0 : 23480, 1, 2024/11/18, 16:23:02.040, 54880726493, vstest.console.dll, CurrentDomainAssemblyResolve: Resolving assembly 'Microsoft.Bcl.AsyncInterfaces'.
TpTrace Information: 0 : 23480, 1, 2024/11/18, 16:23:02.040, 54880726712, vstest.console.dll, AssemblyResolver.OnResolve: Microsoft.Bcl.AsyncInterfaces: Resolving assembly.
TpTrace Information: 0 : 23480, 1, 2024/11/18, 16:23:02.040, 54880726872, vstest.console.dll, AssemblyResolver.OnResolve: Microsoft.Bcl.AsyncInterfaces: Resolved from cache.
TpTrace Verbose: 0 : 23480, 1, 2024/11/18, 16:23:02.040, 54880726970, vstest.console.dll, CurrentDomainAssemblyResolve: Resolving assembly 'Microsoft.Bcl.AsyncInterfaces'.
TpTrace Verbose: 0 : 23480, 1, 2024/11/18, 16:23:02.040, 54880727067, vstest.console.dll, CurrentDomainAssemblyResolve: Failed to resolve assembly 'Microsoft.Bcl.AsyncInterfaces'.
TpTrace Verbose: 0 : 23480, 1, 2024/11/18, 16:23:02.040, 54880727978, vstest.console.dll, CurrentDomainAssemblyResolve: Failed to resolve assembly 'Microsoft.Bcl.AsyncInterfaces'.
TpTrace Warning: 0 : 23480, 1, 2024/11/18, 16:23:02.041, 54880729776, vstest.console.dll, TestPluginDiscoverer: Failed to get types from assembly 'Microsoft.Diagnostics.NETCore.Client, Version=0.2.10.15101, Culture=neutral, PublicKeyToken=31bf3856ad364e35'. Error: System.Reflection.ReflectionTypeLoadException: Unable to load one or more of the requested types.
Could not load file or assembly 'Microsoft.Bcl.AsyncInterfaces, Version=6.0.0.0, Culture=neutral, PublicKeyToken=cc7b13ffcd2ddd51'. The system cannot find the file specified.
   at System.Reflection.RuntimeModule.GetTypes(RuntimeModule module)
   at System.Reflection.RuntimeModule.GetTypes()
   at Microsoft.VisualStudio.TestPlatform.Common.ExtensionFramework.TestPluginDiscoverer.GetTestExtensionsFromAssembly[TPluginInfo,TExtension](Assembly assembly, Dictionary`2 pluginInfos, String filePath) in /_/src/Microsoft.TestPlatform.Common/ExtensionFramework/TestPluginDiscoverer.cs:line 158
System.IO.FileNotFoundException: Could not load file or assembly 'Microsoft.Bcl.AsyncInterfaces, Version=6.0.0.0, Culture=neutral, PublicKeyToken=cc7b13ffcd2ddd51'. The system cannot find the file specified.
File name: 'Microsoft.Bcl.AsyncInterfaces, Version=6.0.0.0, Culture=neutral, PublicKeyToken=cc7b13ffcd2ddd51'
 ---> System.IO.FileNotFoundException: Could not load file or assembly 'Microsoft.Bcl.AsyncInterfaces, Culture=neutral, PublicKeyToken=null'. The system cannot find the file specified.
File name: 'Microsoft.Bcl.AsyncInterfaces, Culture=neutral, PublicKeyToken=null'
   at System.Reflection.RuntimeAssembly.InternalLoad(AssemblyName assemblyName, StackCrawlMark& stackMark, AssemblyLoadContext assemblyLoadContext, RuntimeAssembly requestingAssembly, Boolean throwOnFileNotFound)
   at System.Reflection.Assembly.Load(AssemblyName assemblyRef)
   at Microsoft.VisualStudio.TestPlatform.Common.ExtensionFramework.TestPluginCache.CurrentDomainAssemblyResolve(Object sender, AssemblyResolveEventArgs args) in /_/src/Microsoft.TestPlatform.Common/ExtensionFramework/TestPluginCache.cs:line 513
   at System.Runtime.Loader.AssemblyLoadContext.GetFirstResolvedAssemblyFromResolvingEvent(AssemblyName assemblyName)
   at System.Runtime.Loader.AssemblyLoadContext.ResolveUsingEvent(AssemblyName assemblyName)
   at System.Runtime.Loader.AssemblyLoadContext.ResolveUsingResolvingEvent(IntPtr gchManagedAssemblyLoadContext, AssemblyName assemblyName)
TpTrace Warning: 0 : 23480, 1, 2024/11/18, 16:23:02.041, 54880730740, vstest.console.dll, LoaderExceptions: System.IO.FileNotFoundException: Could not load file or assembly 'Microsoft.Bcl.AsyncInterfaces, Version=6.0.0.0, Culture=neutral, PublicKeyToken=cc7b13ffcd2ddd51'. The system cannot find the file specified.
File name: 'Microsoft.Bcl.AsyncInterfaces, Version=6.0.0.0, Culture=neutral, PublicKeyToken=cc7b13ffcd2ddd51'
 ---> System.IO.FileNotFoundException: Could not load file or assembly 'Microsoft.Bcl.AsyncInterfaces, Culture=neutral, PublicKeyToken=null'. The system cannot find the file specified.
File name: 'Microsoft.Bcl.AsyncInterfaces, Culture=neutral, PublicKeyToken=null'
   at System.Reflection.RuntimeAssembly.InternalLoad(AssemblyName assemblyName, StackCrawlMark& stackMark, AssemblyLoadContext assemblyLoadContext, RuntimeAssembly requestingAssembly, Boolean throwOnFileNotFound)
   at System.Reflection.Assembly.Load(AssemblyName assemblyRef)
   at Microsoft.VisualStudio.TestPlatform.Common.ExtensionFramework.TestPluginCache.CurrentDomainAssemblyResolve(Object sender, AssemblyResolveEventArgs args) in /_/src/Microsoft.TestPlatform.Common/ExtensionFramework/TestPluginCache.cs:line 513
   at System.Runtime.Loader.AssemblyLoadContext.GetFirstResolvedAssemblyFromResolvingEvent(AssemblyName assemblyName)
   at System.Runtime.Loader.AssemblyLoadContext.ResolveUsingEvent(AssemblyName assemblyName)
   at System.Runtime.Loader.AssemblyLoadContext.ResolveUsingResolvingEvent(IntPtr gchManagedAssemblyLoadContext, AssemblyName assemblyName)
TpTrace Verbose: 0 : 23480, 1, 2024/11/18, 16:23:02.041, 54880731143, vstest.console.dll, MetadataReaderExtensionsHelper: Discovering extensions inside assembly 'Microsoft.TestPlatform.Extensions.BlameDataCollector, Version=15.0.0.0, Culture=neutral, PublicKeyToken=b03f5f7f11d50a3a' file path 'C:\Program Files\dotnet\sdk\8.0.303\Extensions\Microsoft.TestPlatform.Extensions.BlameDataCollector.dll'
TpTrace Information: 0 : 23480, 1, 2024/11/18, 16:23:02.041, 54880733414, vstest.console.dll, GetTestExtensionFromType: Register extension with identifier data 'logger://Microsoft/TestPlatform/Extensions/Blame/v1' and type 'Microsoft.TestPlatform.Extensions.BlameDataCollector.BlameLogger, Microsoft.TestPlatform.Extensions.BlameDataCollector, Version=15.0.0.0, Culture=neutral, PublicKeyToken=b03f5f7f11d50a3a' inside file 'C:\Program Files\dotnet\sdk\8.0.303\Extensions\Microsoft.TestPlatform.Extensions.BlameDataCollector.dll'
TpTrace Verbose: 0 : 23480, 1, 2024/11/18, 16:23:02.041, 54880734108, vstest.console.dll, MetadataReaderExtensionsHelper: Discovering extensions inside assembly 'Microsoft.TestPlatform.Extensions.EventLogCollector, Version=15.0.0.0, Culture=neutral, PublicKeyToken=b03f5f7f11d50a3a' file path 'C:\Program Files\dotnet\sdk\8.0.303\Extensions\Microsoft.TestPlatform.Extensions.EventLogCollector.dll'
TpTrace Verbose: 0 : 23480, 1, 2024/11/18, 16:23:02.041, 54880735577, vstest.console.dll, MetadataReaderExtensionsHelper: Discovering extensions inside assembly 'Microsoft.TestPlatform.TestHostRuntimeProvider, Version=15.0.0.0, Culture=neutral, PublicKeyToken=b03f5f7f11d50a3a' file path 'C:\Program Files\dotnet\sdk\8.0.303\Extensions\Microsoft.TestPlatform.TestHostRuntimeProvider.dll'
TpTrace Verbose: 0 : 23480, 1, 2024/11/18, 16:23:02.041, 54880736744, vstest.console.dll, MetadataReaderExtensionsHelper: Discovering extensions inside assembly 'Microsoft.VisualStudio.TestPlatform.Extensions.Html.TestLogger, Version=15.0.0.0, Culture=neutral, PublicKeyToken=b03f5f7f11d50a3a' file path 'C:\Program Files\dotnet\sdk\8.0.303\Extensions\Microsoft.VisualStudio.TestPlatform.Extensions.Html.TestLogger.dll'
TpTrace Information: 0 : 23480, 1, 2024/11/18, 16:23:02.042, 54880739002, vstest.console.dll, GetTestExtensionFromType: Register extension with identifier data 'logger://Microsoft/TestPlatform/HtmlLogger/v1' and type 'Microsoft.VisualStudio.TestPlatform.Extensions.HtmlLogger.HtmlLogger, Microsoft.VisualStudio.TestPlatform.Extensions.Html.TestLogger, Version=15.0.0.0, Culture=neutral, PublicKeyToken=b03f5f7f11d50a3a' inside file 'C:\Program Files\dotnet\sdk\8.0.303\Extensions\Microsoft.VisualStudio.TestPlatform.Extensions.Html.TestLogger.dll'
TpTrace Verbose: 0 : 23480, 1, 2024/11/18, 16:23:02.042, 54880739347, vstest.console.dll, MetadataReaderExtensionsHelper: Discovering extensions inside assembly 'Microsoft.VisualStudio.TestPlatform.Extensions.Trx.TestLogger, Version=15.0.0.0, Culture=neutral, PublicKeyToken=b03f5f7f11d50a3a' file path 'C:\Program Files\dotnet\sdk\8.0.303\Extensions\Microsoft.VisualStudio.TestPlatform.Extensions.Trx.TestLogger.dll'
TpTrace Information: 0 : 23480, 1, 2024/11/18, 16:23:02.042, 54880741089, vstest.console.dll, GetTestExtensionFromType: Register extension with identifier data 'logger://Microsoft/TestPlatform/TrxLogger/v1' and type 'Microsoft.VisualStudio.TestPlatform.Extensions.TrxLogger.TrxLogger, Microsoft.VisualStudio.TestPlatform.Extensions.Trx.TestLogger, Version=15.0.0.0, Culture=neutral, PublicKeyToken=b03f5f7f11d50a3a' inside file 'C:\Program Files\dotnet\sdk\8.0.303\Extensions\Microsoft.VisualStudio.TestPlatform.Extensions.Trx.TestLogger.dll'
TpTrace Verbose: 0 : 23480, 1, 2024/11/18, 16:23:02.042, 54880741386, vstest.console.dll, TestPluginCache: Discovered the extensions using extension path ''.
TpTrace Verbose: 0 : 23480, 1, 2024/11/18, 16:23:02.042, 54880741500, vstest.console.dll, TestPluginCache: Discoverers are ''.
TpTrace Verbose: 0 : 23480, 1, 2024/11/18, 16:23:02.042, 54880741599, vstest.console.dll, TestPluginCache: Executors are ''.
TpTrace Verbose: 0 : 23480, 1, 2024/11/18, 16:23:02.042, 54880741693, vstest.console.dll, TestPluginCache: Executors2 are ''.
TpTrace Verbose: 0 : 23480, 1, 2024/11/18, 16:23:02.042, 54880741788, vstest.console.dll, TestPluginCache: Setting providers are ''.
TpTrace Verbose: 0 : 23480, 1, 2024/11/18, 16:23:02.042, 54880742134, vstest.console.dll, TestPluginCache: Loggers are 'logger://Microsoft/TestPlatform/Extensions/Blame/v1,logger://Microsoft/TestPlatform/HtmlLogger/v1,logger://Microsoft/TestPlatform/TrxLogger/v1'.
TpTrace Verbose: 0 : 23480, 1, 2024/11/18, 16:23:02.042, 54880742523, vstest.console.dll, TestPluginCache: TestHosts are 'HostProvider://DefaultTestHost,HostProvider://DotnetTestHost'.
TpTrace Verbose: 0 : 23480, 1, 2024/11/18, 16:23:02.042, 54880742636, vstest.console.dll, TestPluginCache: DataCollectors are ''.
TpTrace Information: 0 : 23480, 1, 2024/11/18, 16:23:02.042, 54880747094, vstest.console.dll, TestPluginManager.CreateTestExtension: Attempting to load test extension: Microsoft.TestPlatform.Extensions.BlameDataCollector.BlameLogger
TpTrace Verbose: 0 : 23480, 1, 2024/11/18, 16:23:02.047, 54880795566, vstest.console.dll, TestEngine: Initializing Parallel Execution as MaxCpuCount is set to: 1
TpTrace Information: 0 : 23480, 1, 2024/11/18, 16:23:02.048, 54880804840, vstest.console.dll, TestPluginManager.CreateTestExtension: Attempting to load test extension: Microsoft.VisualStudio.TestPlatform.CrossPlatEngine.Hosting.DefaultTestHostManager
TpTrace Information: 0 : 23480, 1, 2024/11/18, 16:23:02.049, 54880811426, vstest.console.dll, TestPluginManager.CreateTestExtension: Attempting to load test extension: Microsoft.VisualStudio.TestPlatform.CrossPlatEngine.Hosting.DotnetTestHostManager
TpTrace Information: 0 : 23480, 1, 2024/11/18, 16:23:02.049, 54880814541, vstest.console.dll, InferRunSettingsHelper.IsTestSettingsEnabled: Unable to navigate to RunSettings/MSTest. Current node: RunSettings
TpTrace Verbose: 0 : 23480, 1, 2024/11/18, 16:23:02.049, 54880817556, vstest.console.dll, ParallelOperationManager.ClearSlots: Clearing all slots. Slots should accept more work: True
TpTrace Verbose: 0 : 23480, 1, 2024/11/18, 16:23:02.050, 54880821459, vstest.console.dll, ParallelOperationManager.SetOccupiedSlotCount: Setting slot counts AvailableSlotCount = 1, OccupiedSlotCount = 0.
TpTrace Verbose: 0 : 23480, 1, 2024/11/18, 16:23:02.050, 54880823255, vstest.console.dll, Occupied slots:

TpTrace Verbose: 0 : 23480, 1, 2024/11/18, 16:23:02.052, 54880843525, vstest.console.dll, TestEngine.GetExecutionManager: Chosen execution manager 'Microsoft.VisualStudio.TestPlatform.CrossPlatEngine.Client.Parallel.ParallelProxyExecutionManager, Microsoft.TestPlatform.CrossPlatEngine, Version=15.0.0.0, Culture=neutral, PublicKeyToken=b03f5f7f11d50a3a' ParallelLevel '1'.
TpTrace Verbose: 0 : 23480, 1, 2024/11/18, 16:23:02.052, 54880844990, vstest.console.dll, TestRunRequest.ExecuteAsync: Creating test run request.
TpTrace Verbose: 0 : 23480, 1, 2024/11/18, 16:23:02.052, 54880846655, vstest.console.dll, TestRunRequest.ExecuteAsync: Starting.
TpTrace Information: 0 : 23480, 1, 2024/11/18, 16:23:02.053, 54880854494, vstest.console.dll, TestRunRequest.ExecuteAsync: Starting run with settings:TestRunCriteria:
   KeepAlive=False,FrequencyOfRunStatsChangeEvent=10,RunStatsChangeEventTimeout=00:00:01.5000000,TestCaseFilter=,TestExecutorLauncher=
   Settingsxml=<RunSettings>
  <RunConfiguration>
    <ResultsDirectory>C:\Corp\Velveer\Participants\Day9\FirstAPISolution\ShoppingAppTest\bin\Debug\net8.0\fine-code-coverage\coverage-tool-output</ResultsDirectory>
    <TargetPlatform>X64</TargetPlatform>
    <TargetFrameworkVersion>.NETCoreApp,Version=v8.0</TargetFrameworkVersion>
    <DesignMode>False</DesignMode>
    <CollectSourceInformation>False</CollectSourceInformation>
  </RunConfiguration>
  <LoggerRunSettings>
    <Loggers>
      <Logger friendlyName="blame" enabled="True" />
      <Logger friendlyName="Console" uri="logger://microsoft/TestPlatform/ConsoleLogger/v1" assemblyQualifiedName="Microsoft.VisualStudio.TestPlatform.CommandLine.Internal.ConsoleLogger, vstest.console, Version=15.0.0.0, Culture=neutral, PublicKeyToken=b03f5f7f11d50a3a" codeBase="C:\Program Files\dotnet\sdk\8.0.303\vstest.console.dll" enabled="True" />
    </Loggers>
  </LoggerRunSettings>
  <DataCollectionRunSettings>
    <DataCollectors>
      <DataCollector friendlyName="blame" enabled="True">
        <Configuration>
          <ResultsDirectory>C:\Corp\Velveer\Participants\Day9\FirstAPISolution\ShoppingAppTest\bin\Debug\net8.0\fine-code-coverage\coverage-tool-output</ResultsDirectory>
        </Configuration>
      </DataCollector>
    </DataCollectors>
  </DataCollectionRunSettings>
</RunSettings>

TpTrace Verbose: 0 : 23480, 1, 2024/11/18, 16:23:02.053, 54880855204, vstest.console.dll, TestRunRequest.ExecuteAsync: Wait for the first run request is over.
TpTrace Verbose: 0 : 23480, 1, 2024/11/18, 16:23:02.053, 54880858481, vstest.console.dll, MulticastDelegateUtilities.SafeInvoke: TestRun.TestRunStart: Invoking callbacks was skipped because there are no subscribers.
TpTrace Verbose: 0 : 23480, 4, 2024/11/18, 16:23:02.054, 54880860116, vstest.console.dll, MulticastDelegateUtilities.SafeInvoke: InternalTestLoggerEvents.SendTestRunStart: Invoking callback 1/1 for Microsoft.VisualStudio.TestPlatform.CommandLine.Internal.ConsoleLogger., took 0 ms.
TpTrace Verbose: 0 : 23480, 1, 2024/11/18, 16:23:02.054, 54880867972, vstest.console.dll, ParallelProxyExecutionManager: Start execution. Total sources: 1
TpTrace Verbose: 0 : 23480, 1, 2024/11/18, 16:23:02.055, 54880871963, vstest.console.dll, ParallelOperationManager.StartWork: Starting adding 1 workloads.
TpTrace Verbose: 0 : 23480, 1, 2024/11/18, 16:23:02.055, 54880872596, vstest.console.dll, ParallelOperationManager.ClearSlots: Clearing all slots. Slots should accept more work: True
TpTrace Verbose: 0 : 23480, 1, 2024/11/18, 16:23:02.055, 54880873142, vstest.console.dll, ParallelOperationManager.SetOccupiedSlotCount: Setting slot counts AvailableSlotCount = 1, OccupiedSlotCount = 0.
TpTrace Verbose: 0 : 23480, 1, 2024/11/18, 16:23:02.055, 54880873476, vstest.console.dll, Occupied slots:

TpTrace Verbose: 0 : 23480, 1, 2024/11/18, 16:23:02.056, 54880888310, vstest.console.dll, TestRequestSender is acting as server.
TpTrace Verbose: 0 : 23480, 1, 2024/11/18, 16:23:02.058, 54880901406, vstest.console.dll, ParallelOperationManager.RunWorkInParallel: Adding 1 workload to slot, remaining workloads 0.
TpTrace Verbose: 0 : 23480, 1, 2024/11/18, 16:23:02.058, 54880902066, vstest.console.dll, ParallelOperationManager.SetOccupiedSlotCount: Setting slot counts AvailableSlotCount = 0, OccupiedSlotCount = 1.
TpTrace Verbose: 0 : 23480, 1, 2024/11/18, 16:23:02.058, 54880902937, vstest.console.dll, Occupied slots:
0: C:\Corp\Velveer\Participants\Day9\FirstAPISolution\ShoppingAppTest\bin\Debug\net8.0\fine-code-coverage\build-output\ShoppingAppTest.dll
TpTrace Verbose: 0 : 23480, 1, 2024/11/18, 16:23:02.059, 54880912727, vstest.console.dll, ParallelOperationManager.RunWorkInParallel: Started host in slot number 0 for work (source): C:\Corp\Velveer\Participants\Day9\FirstAPISolution\ShoppingAppTest\bin\Debug\net8.0\fine-code-coverage\build-output\ShoppingAppTest.dll.
TpTrace Verbose: 0 : 23480, 1, 2024/11/18, 16:23:02.060, 54880924556, vstest.console.dll, ParallelOperationManager.RunWorkInParallel: We started 1 work items, which is the max parallel level. Won't start more work.
TpTrace Verbose: 0 : 23480, 1, 2024/11/18, 16:23:02.060, 54880925491, vstest.console.dll, ParallelOperationManager.RunWorkInParallel: We started 1 work items in here, returning True.
TpTrace Information: 0 : 23480, 1, 2024/11/18, 16:23:02.060, 54880925723, vstest.console.dll, TestRunRequest.ExecuteAsync: Started.
TpTrace Verbose: 0 : 23480, 5, 2024/11/18, 16:23:02.060, 54880927316, vstest.console.dll, ParallelProxyExecutionManager.StartTestRunOnConcurrentManager: Initializing uninitialized client. Started clients: 0
TpTrace Verbose: 0 : 23480, 5, 2024/11/18, 16:23:02.060, 54880928590, vstest.console.dll, DataCollectionRequestSender.InitializeCommunication : Initialize communication. 
TpTrace Verbose: 0 : 23480, 1, 2024/11/18, 16:23:02.061, 54880929871, vstest.console.dll, TestRunRequest.WaitForCompletion: Waiting with timeout -1.
TpTrace Information: 0 : 23480, 5, 2024/11/18, 16:23:02.066, 54880984871, vstest.console.dll, Listening on Endpoint : 127.0.0.1:56429
TpTrace Verbose: 0 : 23480, 5, 2024/11/18, 16:23:02.071, 54881033967, vstest.console.dll, DotnetDataCollectionLauncher: Adding  --runtimeconfig "C:\Program Files\dotnet\sdk\8.0.303\datacollector.runtimeconfig.json" in args
TpTrace Verbose: 0 : 23480, 5, 2024/11/18, 16:23:02.071, 54881035001, vstest.console.dll, DotnetDataCollectionLauncher: Adding  --depsfile "C:\Program Files\dotnet\sdk\8.0.303\datacollector.deps.json" in args
TpTrace Verbose: 0 : 23480, 5, 2024/11/18, 16:23:02.071, 54881036711, vstest.console.dll, DotnetDataCollectionLauncher: Full path of dotnet.exe is C:\Program Files\dotnet\dotnet.exe
TpTrace Information: 0 : 23480, 5, 2024/11/18, 16:23:02.083, 54881148928, vstest.console.dll, ProxyDataCollectionManager.Initialize: Launched datacollector processId: 17760 port: 56429
TpTrace Information: 0 : 23480, 5, 2024/11/18, 16:23:02.083, 54881150018, vstest.console.dll, ProxyDataCollectionManager.Initialize: waiting for connection with timeout: 90 seconds
TpTrace Verbose: 0 : 23480, 5, 2024/11/18, 16:23:02.083, 54881150276, vstest.console.dll, DataCollectionRequestSender.WaitForRequestHandlerConnection : Waiting for connection with timeout: 90000
TpTrace Information: 0 : 23480, 7, 2024/11/18, 16:23:02.179, 54882111051, vstest.console.dll, Using the buffer size of 16384 bytes
TpTrace Information: 0 : 23480, 7, 2024/11/18, 16:23:02.179, 54882112640, vstest.console.dll, Accepted Client request and set the flag
TpTrace Verbose: 0 : 23480, 5, 2024/11/18, 16:23:02.179, 54882111683, vstest.console.dll, SocketCommunicationManager.WaitForClientConnection took: 96 ms, with 90000 ms timeout, and finished with True.
TpTrace Verbose: 0 : 23480, 5, 2024/11/18, 16:23:02.179, 54882115684, vstest.console.dll, ProxyDataCollectionManager.InvokeDataCollectionServiceAction: Starting.
TpTrace Information: 0 : 23480, 5, 2024/11/18, 16:23:02.179, 54882116809, vstest.console.dll, ProxyDataCollectionManager.BeforeTestRunStart: Get environment variable and port for datacollector processId: 17760 port: 56429
TpTrace Verbose: 0 : 23480, 5, 2024/11/18, 16:23:02.179, 54882118107, vstest.console.dll, DataCollectionRequestSender.SendBeforeTestRunStartAndGetResult: Send BeforeTestRunStart message with settingsXml <RunSettings><RunConfiguration><ResultsDirectory>C:\Corp\Velveer\Participants\Day9\FirstAPISolution\ShoppingAppTest\bin\Debug\net8.0\fine-code-coverage\coverage-tool-output</ResultsDirectory><TargetPlatform>X64</TargetPlatform><TargetFrameworkVersion>.NETCoreApp,Version=v8.0</TargetFrameworkVersion><DesignMode>False</DesignMode><CollectSourceInformation>False</CollectSourceInformation><TestAdaptersPaths>C:\Program Files\dotnet\sdk\8.0.303\Extensions</TestAdaptersPaths></RunConfiguration><LoggerRunSettings><Loggers><Logger friendlyName="blame" enabled="True" /><Logger friendlyName="Console" uri="logger://microsoft/TestPlatform/ConsoleLogger/v1" assemblyQualifiedName="Microsoft.VisualStudio.TestPlatform.CommandLine.Internal.ConsoleLogger, vstest.console, Version=15.0.0.0, Culture=neutral, PublicKeyToken=b03f5f7f11d50a3a" codeBase="C:\Program Files\dotnet\sdk\8.0.303\vstest.console.dll" enabled="True" /></Loggers></LoggerRunSettings><DataCollectionRunSettings><DataCollectors><DataCollector friendlyName="blame" enabled="True"><Configuration><ResultsDirectory>C:\Corp\Velveer\Participants\Day9\FirstAPISolution\ShoppingAppTest\bin\Debug\net8.0\fine-code-coverage\coverage-tool-output</ResultsDirectory></Configuration></DataCollector></DataCollectors></DataCollectionRunSettings></RunSettings> and sources System.Collections.Generic.List`1[System.String]: 
TpTrace Verbose: 0 : 23480, 5, 2024/11/18, 16:23:02.210, 54882422260, vstest.console.dll, DataCollectionRequestSender.SendBeforeTestRunStartAndGetResult: Received message: (DataCollection.SendMessage) -> {"MessageType":"DataCollection.SendMessage","Payload":{"FriendlyName":null,"Uri":null,"TestCaseId":"00000000-0000-0000-0000-000000000000","Message":"Logging DataCollector Diagnostics in file: C:\\Corp\\Velveer\\Participants\\Day9\\FirstAPISolution\\ShoppingAppTest\\bin\\Debug\\net8.0\\fine-code-coverage\\coverage-tool-output\\diagnostics.datacollector.24-11-18_16-23-02_07130_5.log","Level":0}}
TpTrace Verbose: 0 : 23480, 5, 2024/11/18, 16:23:02.261, 54882933399, vstest.console.dll, DataCollectionRequestSender.SendBeforeTestRunStartAndGetResult: Received message: (DataCollection.BeforeTestRunStartResult) -> {"MessageType":"DataCollection.BeforeTestRunStartResult","Payload":{"EnvironmentVariables":{},"DataCollectionEventsPort":56431}}
TpTrace Information: 0 : 23480, 5, 2024/11/18, 16:23:02.264, 54882962543, vstest.console.dll, ProxyDataCollectionManager.BeforeTestRunStart: SendBeforeTestRunStartAndGetResult successful, env variable from datacollector:   and testhost port: 56431
TpTrace Information: 0 : 23480, 5, 2024/11/18, 16:23:02.264, 54882963286, vstest.console.dll, ProxyDataCollectionManager.InvokeDataCollectionServiceAction: Completed.
TpTrace Verbose: 0 : 23480, 5, 2024/11/18, 16:23:02.264, 54882963506, vstest.console.dll, ParallelProxyExecutionManager.StartTestRunOnConcurrentManager: Initializing test run. Started clients: 0
TpTrace Verbose: 0 : 23480, 5, 2024/11/18, 16:23:02.264, 54882964118, vstest.console.dll, ProxyExecutionManager: Test host is always Lazy initialize.
TpTrace Verbose: 0 : 23480, 5, 2024/11/18, 16:23:02.264, 54882965362, vstest.console.dll, TestRequestSender.InitializeCommunication: initialize communication. 
TpTrace Information: 0 : 23480, 5, 2024/11/18, 16:23:02.265, 54882968897, vstest.console.dll, SocketServer.Start: Listening on endpoint : 127.0.0.1:56432
TpTrace Verbose: 0 : 23480, 5, 2024/11/18, 16:23:02.265, 54882973897, vstest.console.dll, DotnetTestHostmanager.GetTestHostProcessStartInfo: Platform environment 'X64' target architecture 'X64' framework '.NETCoreApp,Version=v8.0' OS 'Windows'
TpTrace Verbose: 0 : 23480, 5, 2024/11/18, 16:23:02.265, 54882975427, vstest.console.dll, DotnetTestHostmanager: Adding  --runtimeconfig "C:\Corp\Velveer\Participants\Day9\FirstAPISolution\ShoppingAppTest\bin\Debug\net8.0\fine-code-coverage\build-output\ShoppingAppTest.runtimeconfig.json" in args
TpTrace Verbose: 0 : 23480, 5, 2024/11/18, 16:23:02.265, 54882975966, vstest.console.dll, DotnetTestHostmanager: Adding  --depsfile "C:\Corp\Velveer\Participants\Day9\FirstAPISolution\ShoppingAppTest\bin\Debug\net8.0\fine-code-coverage\build-output\ShoppingAppTest.deps.json" in args
TpTrace Verbose: 0 : 23480, 5, 2024/11/18, 16:23:02.265, 54882977746, vstest.console.dll, DotnetTestHostmanager.IsWinOnArm: Current PROCESSOR_ARCHITECTURE from environment variable 'AMD64'
TpTrace Verbose: 0 : 23480, 5, 2024/11/18, 16:23:02.265, 54882978028, vstest.console.dll, DotnetTestHostmanager.IsWinOnArm: Is Windows on ARM 'False'
TpTrace Verbose: 0 : 23480, 5, 2024/11/18, 16:23:02.265, 54882978553, vstest.console.dll, DotnetTestHostManager: testhost.exe found at path: C:\Corp\Velveer\Participants\Day9\FirstAPISolution\ShoppingAppTest\bin\Debug\net8.0\fine-code-coverage\build-output\testhost.exe
TpTrace Verbose: 0 : 23480, 5, 2024/11/18, 16:23:02.265, 54882978735, vstest.console.dll, DotnetTestHostmanager: Full path of host exe is C:\Corp\Velveer\Participants\Day9\FirstAPISolution\ShoppingAppTest\bin\Debug\net8.0\fine-code-coverage\build-output\testhost.exe
TpTrace Verbose: 0 : 23480, 5, 2024/11/18, 16:23:02.266, 54882979361, vstest.console.dll, DotnetTestHostmanager.LaunchTestHostAsync: Found 'VSTEST_WINAPPHOST_DOTNET_ROOT' in env variables, value 'C:\Program Files\dotnet', forwarding to 'DOTNET_ROOT'
TpTrace Verbose: 0 : 23480, 5, 2024/11/18, 16:23:02.266, 54882980050, vstest.console.dll, DotnetTestHostManager: Starting process 'C:\Corp\Velveer\Participants\Day9\FirstAPISolution\ShoppingAppTest\bin\Debug\net8.0\fine-code-coverage\build-output\testhost.exe' with command line ' --runtimeconfig "C:\Corp\Velveer\Participants\Day9\FirstAPISolution\ShoppingAppTest\bin\Debug\net8.0\fine-code-coverage\build-output\ShoppingAppTest.runtimeconfig.json" --depsfile "C:\Corp\Velveer\Participants\Day9\FirstAPISolution\ShoppingAppTest\bin\Debug\net8.0\fine-code-coverage\build-output\ShoppingAppTest.deps.json" --port 56432 --endpoint 127.0.0.1:056432 --role client --parentprocessid 23480 --diag "C:\Corp\Velveer\Participants\Day9\FirstAPISolution\ShoppingAppTest\bin\Debug\net8.0\fine-code-coverage\coverage-tool-output\diagnostics.host.24-11-18_16-23-02_26525_5.log" --tracelevel 4 --datacollectionport 56431 --telemetryoptedin false'
TpTrace Verbose: 0 : 23480, 5, 2024/11/18, 16:23:02.279, 54883117070, vstest.console.dll, MulticastDelegateUtilities.SafeInvoke: HostProviderEvents.OnHostLaunched: Invoking callback 1/2 for Microsoft.VisualStudio.TestPlatform.CrossPlatEngine.Client.ProxyExecutionManagerWithDataCollection., took 0 ms.
TpTrace Verbose: 0 : 23480, 5, 2024/11/18, 16:23:02.280, 54883120321, vstest.console.dll, Test Runtime launched
TpTrace Verbose: 0 : 23480, 5, 2024/11/18, 16:23:02.280, 54883121007, vstest.console.dll, MulticastDelegateUtilities.SafeInvoke: HostProviderEvents.OnHostLaunched: Invoking callback 2/2 for Microsoft.VisualStudio.TestPlatform.CrossPlatEngine.Client.ProxyOperationManager., took 0 ms.
TpTrace Verbose: 0 : 23480, 5, 2024/11/18, 16:23:02.280, 54883122201, vstest.console.dll, TestRequestSender.WaitForRequestHandlerConnection: waiting for connection with timeout: 90000.
TpTrace Verbose: 0 : 23480, 12, 2024/11/18, 16:23:02.401, 54884331230, vstest.console.dll, MulticastDelegateUtilities.SafeInvoke: SocketServer: ClientConnected: Invoking callback 1/1 for Microsoft.VisualStudio.TestPlatform.CommunicationUtilities.TestRequestSender., took 0 ms.
TpTrace Verbose: 0 : 23480, 12, 2024/11/18, 16:23:02.401, 54884332564, vstest.console.dll, SocketServer.OnClientConnected: Client connected for endPoint: 127.0.0.1:56432, starting MessageLoopAsync:
TpTrace Verbose: 0 : 23480, 5, 2024/11/18, 16:23:02.401, 54884331609, vstest.console.dll, TestRequestSender.WaitForRequestHandlerConnection: waiting took 120 ms, with timeout 90000 ms, and result 0, which is success.
TpTrace Verbose: 0 : 23480, 12, 2024/11/18, 16:23:02.402, 54884341418, vstest.console.dll, TcpClientExtensions.MessageLoopAsync: Polling on remoteEndPoint: 127.0.0.1:56433 localEndPoint: 127.0.0.1:56432 after 0 ms
TpTrace Verbose: 0 : 23480, 5, 2024/11/18, 16:23:02.402, 54884346895, vstest.console.dll, TestRequestSender.CheckVersionWithTestHost: Sending check version message: {"MessageType":"ProtocolVersion","Payload":7}
TpTrace Verbose: 0 : 23480, 12, 2024/11/18, 16:23:02.474, 54885061678, vstest.console.dll, TcpClientExtensions.MessageLoopAsync: NotifyDataAvailable remoteEndPoint: 127.0.0.1:56433 localEndPoint: 127.0.0.1:56432
TpTrace Verbose: 0 : 23480, 12, 2024/11/18, 16:23:02.474, 54885064308, vstest.console.dll, TestRequestSender.CheckVersionWithTestHost: onMessageReceived received message: (ProtocolVersion) -> {"MessageType":"ProtocolVersion","Payload":7}
TpTrace Verbose: 0 : 23480, 12, 2024/11/18, 16:23:02.475, 54885072143, vstest.console.dll, MulticastDelegateUtilities.SafeInvoke: LengthPrefixCommunicationChannel: MessageReceived: Invoking callback 1/1 for Microsoft.VisualStudio.TestPlatform.CommunicationUtilities.TestRequestSender+<>c__DisplayClass29_0., took 0 ms.
TpTrace Verbose: 0 : 23480, 12, 2024/11/18, 16:23:02.475, 54885073565, vstest.console.dll, TcpClientExtensions.MessageLoopAsync: Polling on remoteEndPoint: 127.0.0.1:56433 localEndPoint: 127.0.0.1:56432 after 73 ms
TpTrace Verbose: 0 : 23480, 5, 2024/11/18, 16:23:02.475, 54885073824, vstest.console.dll, TestPluginCache.GetExtensionPaths: Filtered extension paths: 
TpTrace Verbose: 0 : 23480, 5, 2024/11/18, 16:23:02.475, 54885074656, vstest.console.dll, TestPluginCache.GetExtensionPaths: Added default extension paths: C:\Program Files\dotnet\sdk\8.0.303\Extensions\Microsoft.Diagnostics.NETCore.Client.dll
C:\Program Files\dotnet\sdk\8.0.303\Extensions\Microsoft.TestPlatform.Extensions.BlameDataCollector.dll
C:\Program Files\dotnet\sdk\8.0.303\Extensions\Microsoft.TestPlatform.Extensions.EventLogCollector.dll
C:\Program Files\dotnet\sdk\8.0.303\Extensions\Microsoft.TestPlatform.TestHostRuntimeProvider.dll
C:\Program Files\dotnet\sdk\8.0.303\Extensions\Microsoft.VisualStudio.TestPlatform.Extensions.Html.TestLogger.dll
C:\Program Files\dotnet\sdk\8.0.303\Extensions\Microsoft.VisualStudio.TestPlatform.Extensions.Trx.TestLogger.dll
TpTrace Verbose: 0 : 23480, 5, 2024/11/18, 16:23:02.475, 54885075318, vstest.console.dll, TestPluginCache.GetExtensionPaths: Added unfilterableExtensionPaths: 
TpTrace Verbose: 0 : 23480, 5, 2024/11/18, 16:23:02.478, 54885100680, vstest.console.dll, TestRequestSender.InitializeExecution: Sending initialize execution with message: {"Version":7,"MessageType":"TestExecution.Initialize","Payload":["C:\\Corp\\Velveer\\Participants\\Day9\\FirstAPISolution\\ShoppingAppTest\\bin\\Debug\\net8.0\\fine-code-coverage\\build-output\\NUnit3.TestAdapter.dll"]}
TpTrace Verbose: 0 : 23480, 5, 2024/11/18, 16:23:02.478, 54885102423, vstest.console.dll, ParallelProxyExecutionManager.StartTestRunOnConcurrentManager: Execution starting. Started clients: 1
TpTrace Verbose: 0 : 23480, 5, 2024/11/18, 16:23:02.478, 54885103995, vstest.console.dll, TestRunRequest:SendTestRunMessage: Starting.
TpTrace Verbose: 0 : 23480, 12, 2024/11/18, 16:23:02.478, 54885104679, vstest.console.dll, TcpClientExtensions.MessageLoopAsync: NotifyDataAvailable remoteEndPoint: 127.0.0.1:56433 localEndPoint: 127.0.0.1:56432
TpTrace Verbose: 0 : 23480, 5, 2024/11/18, 16:23:02.478, 54885105019, vstest.console.dll, MulticastDelegateUtilities.SafeInvoke: TestRun.LogMessages: Invoking callback 1/1 for Microsoft.VisualStudio.TestPlatform.CommandLine.TestRunResultAggregator., took 0 ms.
TpTrace Information: 0 : 23480, 5, 2024/11/18, 16:23:02.478, 54885105422, vstest.console.dll, TestRunRequest:SendTestRunMessage: Completed.
TpTrace Verbose: 0 : 23480, 4, 2024/11/18, 16:23:02.478, 54885107524, vstest.console.dll, MulticastDelegateUtilities.SafeInvoke: InternalTestLoggerEvents.SendTestRunMessage: Invoking callback 1/1 for Microsoft.VisualStudio.TestPlatform.CommandLine.Internal.ConsoleLogger., took 0 ms.
TpTrace Warning: 0 : 23480, 5, 2024/11/18, 16:23:02.478, 54885108063, vstest.console.dll, InferRunSettingsHelper.MakeRunsettingsCompatible: Removing the following settings: TargetPlatform from RunSettings file. To use those settings please move to latest version of Microsoft.NET.Test.Sdk
TpTrace Verbose: 0 : 23480, 12, 2024/11/18, 16:23:02.479, 54885115514, vstest.console.dll, TestRequestSender.OnExecutionMessageReceived: Received message: {"Version":7,"MessageType":"TestSession.Message","Payload":{"MessageLevel":0,"Message":"Logging TestHost Diagnostics in file: C:\\Corp\\Velveer\\Participants\\Day9\\FirstAPISolution\\ShoppingAppTest\\bin\\Debug\\net8.0\\fine-code-coverage\\coverage-tool-output\\diagnostics.host.24-11-18_16-23-02_26525_5.log"}}
TpTrace Verbose: 0 : 23480, 5, 2024/11/18, 16:23:02.482, 54885143264, vstest.console.dll, TestRequestSender.StartTestRun: Sending test run with message: {"Version":7,"MessageType":"TestExecution.StartWithSources","Payload":{"AdapterSourceMap":{"_none_":["C:\\Corp\\Velveer\\Participants\\Day9\\FirstAPISolution\\ShoppingAppTest\\bin\\Debug\\net8.0\\fine-code-coverage\\build-output\\ShoppingAppTest.dll"]},"RunSettings":"<RunSettings>\r\n  <RunConfiguration>\r\n    <ResultsDirectory>C:\\Corp\\Velveer\\Participants\\Day9\\FirstAPISolution\\ShoppingAppTest\\bin\\Debug\\net8.0\\fine-code-coverage\\coverage-tool-output</ResultsDirectory>\r\n    <TargetFrameworkVersion>.NETCoreApp,Version=v8.0</TargetFrameworkVersion>\r\n    <DesignMode>False</DesignMode>\r\n    <CollectSourceInformation>False</CollectSourceInformation>\r\n  </RunConfiguration>\r\n  <LoggerRunSettings>\r\n    <Loggers>\r\n      <Logger friendlyName=\"blame\" enabled=\"True\" />\r\n      <Logger friendlyName=\"Console\" uri=\"logger://microsoft/TestPlatform/ConsoleLogger/v1\" assemblyQualifiedName=\"Microsoft.VisualStudio.TestPlatform.CommandLine.Internal.ConsoleLogger, vstest.console, Version=15.0.0.0, Culture=neutral, PublicKeyToken=b03f5f7f11d50a3a\" codeBase=\"C:\\Program Files\\dotnet\\sdk\\8.0.303\\vstest.console.dll\" enabled=\"True\" />\r\n    </Loggers>\r\n  </LoggerRunSettings>\r\n  <DataCollectionRunSettings>\r\n    <DataCollectors>\r\n      <DataCollector friendlyName=\"blame\" enabled=\"True\">\r\n        <Configuration>\r\n          <ResultsDirectory>C:\\Corp\\Velveer\\Participants\\Day9\\FirstAPISolution\\ShoppingAppTest\\bin\\Debug\\net8.0\\fine-code-coverage\\coverage-tool-output</ResultsDirectory>\r\n        </Configuration>\r\n      </DataCollector>\r\n    </DataCollectors>\r\n  </DataCollectionRunSettings>\r\n</RunSettings>","TestExecutionContext":{"FrequencyOfRunStatsChangeEvent":10,"RunStatsChangeEventTimeout":"00:00:01.5000000","InIsolation":false,"KeepAlive":false,"AreTestCaseLevelEventsRequired":false,"IsDebug":false,"TestCaseFilter":null,"FilterOptions":null},"Package":null}}
TpTrace Verbose: 0 : 23480, 5, 2024/11/18, 16:23:02.482, 54885144633, vstest.console.dll, ParallelProxyExecutionManager.StartTestRunOnConcurrentManager: Execution started. Started clients: 1
TpTrace Verbose: 0 : 23480, 12, 2024/11/18, 16:23:02.482, 54885145187, vstest.console.dll, TestRunRequest:SendTestRunMessage: Starting.
TpTrace Verbose: 0 : 23480, 12, 2024/11/18, 16:23:02.482, 54885145932, vstest.console.dll, MulticastDelegateUtilities.SafeInvoke: TestRun.LogMessages: Invoking callback 1/1 for Microsoft.VisualStudio.TestPlatform.CommandLine.TestRunResultAggregator., took 0 ms.
TpTrace Information: 0 : 23480, 12, 2024/11/18, 16:23:02.482, 54885146101, vstest.console.dll, TestRunRequest:SendTestRunMessage: Completed.
TpTrace Verbose: 0 : 23480, 12, 2024/11/18, 16:23:02.482, 54885146300, vstest.console.dll, MulticastDelegateUtilities.SafeInvoke: LengthPrefixCommunicationChannel: MessageReceived: Invoking callback 1/1 for Microsoft.VisualStudio.TestPlatform.CommunicationUtilities.TestRequestSender+<>c__DisplayClass34_0., took 3 ms.
TpTrace Verbose: 0 : 23480, 12, 2024/11/18, 16:23:02.482, 54885146439, vstest.console.dll, TcpClientExtensions.MessageLoopAsync: Polling on remoteEndPoint: 127.0.0.1:56433 localEndPoint: 127.0.0.1:56432 after 7 ms
TpTrace Verbose: 0 : 23480, 4, 2024/11/18, 16:23:02.482, 54885146533, vstest.console.dll, MulticastDelegateUtilities.SafeInvoke: InternalTestLoggerEvents.SendTestRunMessage: Invoking callback 1/1 for Microsoft.VisualStudio.TestPlatform.CommandLine.Internal.ConsoleLogger., took 0 ms.
TpTrace Verbose: 0 : 23480, 12, 2024/11/18, 16:23:02.572, 54886046089, vstest.console.dll, TcpClientExtensions.MessageLoopAsync: NotifyDataAvailable remoteEndPoint: 127.0.0.1:56433 localEndPoint: 127.0.0.1:56432
TpTrace Verbose: 0 : 23480, 12, 2024/11/18, 16:23:02.572, 54886047305, vstest.console.dll, TestRequestSender.OnExecutionMessageReceived: Received message: {"Version":7,"MessageType":"TestSession.Message","Payload":{"MessageLevel":0,"Message":"NUnit Adapter 4.5.0.0: Test execution started"}}
TpTrace Verbose: 0 : 23480, 12, 2024/11/18, 16:23:02.573, 54886050215, vstest.console.dll, TestRunRequest:SendTestRunMessage: Starting.
TpTrace Verbose: 0 : 23480, 12, 2024/11/18, 16:23:02.573, 54886051356, vstest.console.dll, MulticastDelegateUtilities.SafeInvoke: TestRun.LogMessages: Invoking callback 1/1 for Microsoft.VisualStudio.TestPlatform.CommandLine.TestRunResultAggregator., took 0 ms.
TpTrace Verbose: 0 : 23480, 4, 2024/11/18, 16:23:02.573, 54886051502, vstest.console.dll, MulticastDelegateUtilities.SafeInvoke: InternalTestLoggerEvents.SendTestRunMessage: Invoking callback 1/1 for Microsoft.VisualStudio.TestPlatform.CommandLine.Internal.ConsoleLogger., took 0 ms.
TpTrace Information: 0 : 23480, 12, 2024/11/18, 16:23:02.573, 54886051702, vstest.console.dll, TestRunRequest:SendTestRunMessage: Completed.
TpTrace Verbose: 0 : 23480, 12, 2024/11/18, 16:23:02.573, 54886052201, vstest.console.dll, MulticastDelegateUtilities.SafeInvoke: LengthPrefixCommunicationChannel: MessageReceived: Invoking callback 1/1 for Microsoft.VisualStudio.TestPlatform.CommunicationUtilities.TestRequestSender+<>c__DisplayClass34_0., took 0 ms.
TpTrace Verbose: 0 : 23480, 12, 2024/11/18, 16:23:02.573, 54886052496, vstest.console.dll, TcpClientExtensions.MessageLoopAsync: Polling on remoteEndPoint: 127.0.0.1:56433 localEndPoint: 127.0.0.1:56432 after 90 ms
TpTrace Verbose: 0 : 23480, 12, 2024/11/18, 16:23:02.588, 54886207890, vstest.console.dll, TcpClientExtensions.MessageLoopAsync: NotifyDataAvailable remoteEndPoint: 127.0.0.1:56433 localEndPoint: 127.0.0.1:56432
TpTrace Verbose: 0 : 23480, 12, 2024/11/18, 16:23:02.589, 54886212698, vstest.console.dll, TestRequestSender.OnExecutionMessageReceived: Received message: {"Version":7,"MessageType":"TestSession.Message","Payload":{"MessageLevel":0,"Message":"Running all tests in C:\\Corp\\Velveer\\Participants\\Day9\\FirstAPISolution\\ShoppingAppTest\\bin\\Debug\\net8.0\\fine-code-coverage\\build-output\\ShoppingAppTest.dll"}}
TpTrace Verbose: 0 : 23480, 12, 2024/11/18, 16:23:02.589, 54886214451, vstest.console.dll, TestRunRequest:SendTestRunMessage: Starting.
TpTrace Verbose: 0 : 23480, 12, 2024/11/18, 16:23:02.589, 54886215297, vstest.console.dll, MulticastDelegateUtilities.SafeInvoke: TestRun.LogMessages: Invoking callback 1/1 for Microsoft.VisualStudio.TestPlatform.CommandLine.TestRunResultAggregator., took 0 ms.
TpTrace Information: 0 : 23480, 12, 2024/11/18, 16:23:02.589, 54886215633, vstest.console.dll, TestRunRequest:SendTestRunMessage: Completed.
TpTrace Verbose: 0 : 23480, 12, 2024/11/18, 16:23:02.589, 54886215847, vstest.console.dll, MulticastDelegateUtilities.SafeInvoke: LengthPrefixCommunicationChannel: MessageReceived: Invoking callback 1/1 for Microsoft.VisualStudio.TestPlatform.CommunicationUtilities.TestRequestSender+<>c__DisplayClass34_0., took 0 ms.
TpTrace Verbose: 0 : 23480, 4, 2024/11/18, 16:23:02.589, 54886215854, vstest.console.dll, MulticastDelegateUtilities.SafeInvoke: InternalTestLoggerEvents.SendTestRunMessage: Invoking callback 1/1 for Microsoft.VisualStudio.TestPlatform.CommandLine.Internal.ConsoleLogger., took 0 ms.
TpTrace Verbose: 0 : 23480, 12, 2024/11/18, 16:23:02.589, 54886216165, vstest.console.dll, TcpClientExtensions.MessageLoopAsync: Polling on remoteEndPoint: 127.0.0.1:56433 localEndPoint: 127.0.0.1:56432 after 16 ms
TpTrace Verbose: 0 : 23480, 12, 2024/11/18, 16:23:03.572, 54896045207, vstest.console.dll, TcpClientExtensions.MessageLoopAsync: NotifyDataAvailable remoteEndPoint: 127.0.0.1:56433 localEndPoint: 127.0.0.1:56432
TpTrace Verbose: 0 : 23480, 12, 2024/11/18, 16:23:03.572, 54896046667, vstest.console.dll, TestRequestSender.OnExecutionMessageReceived: Received message: {"Version":7,"MessageType":"TestSession.Message","Payload":{"MessageLevel":0,"Message":"   NUnit3TestExecutor discovered 5 of 5 NUnit test cases using Current Discovery mode, Non-Explicit run"}}
TpTrace Verbose: 0 : 23480, 12, 2024/11/18, 16:23:03.572, 54896047716, vstest.console.dll, TestRunRequest:SendTestRunMessage: Starting.
TpTrace Verbose: 0 : 23480, 12, 2024/11/18, 16:23:03.572, 54896048086, vstest.console.dll, MulticastDelegateUtilities.SafeInvoke: TestRun.LogMessages: Invoking callback 1/1 for Microsoft.VisualStudio.TestPlatform.CommandLine.TestRunResultAggregator., took 0 ms.
TpTrace Information: 0 : 23480, 12, 2024/11/18, 16:23:03.572, 54896048280, vstest.console.dll, TestRunRequest:SendTestRunMessage: Completed.
TpTrace Verbose: 0 : 23480, 12, 2024/11/18, 16:23:03.572, 54896048518, vstest.console.dll, MulticastDelegateUtilities.SafeInvoke: LengthPrefixCommunicationChannel: MessageReceived: Invoking callback 1/1 for Microsoft.VisualStudio.TestPlatform.CommunicationUtilities.TestRequestSender+<>c__DisplayClass34_0., took 0 ms.
TpTrace Verbose: 0 : 23480, 12, 2024/11/18, 16:23:03.572, 54896048724, vstest.console.dll, TcpClientExtensions.MessageLoopAsync: Polling on remoteEndPoint: 127.0.0.1:56433 localEndPoint: 127.0.0.1:56432 after 983 ms
TpTrace Verbose: 0 : 23480, 4, 2024/11/18, 16:23:03.573, 54896049224, vstest.console.dll, MulticastDelegateUtilities.SafeInvoke: InternalTestLoggerEvents.SendTestRunMessage: Invoking callback 1/1 for Microsoft.VisualStudio.TestPlatform.CommandLine.Internal.ConsoleLogger., took 0 ms.
TpTrace Verbose: 0 : 23480, 12, 2024/11/18, 16:23:04.048, 54900805104, vstest.console.dll, TcpClientExtensions.MessageLoopAsync: NotifyDataAvailable remoteEndPoint: 127.0.0.1:56433 localEndPoint: 127.0.0.1:56432
TpTrace Verbose: 0 : 23480, 12, 2024/11/18, 16:23:04.048, 54900807378, vstest.console.dll, TestRequestSender.OnExecutionMessageReceived: Received message: {"Version":7,"MessageType":"TestExecution.StatsChange","Payload":{"NewTestResults":[],"TestRunStatistics":{"ExecutedTests":0,"Stats":{}},"ActiveTests":[{"Id":"9906ca4e-38f0-7a2f-b14a-ddd778a7e507","FullyQualifiedName":"ShoppingAppTest.DepartmentServiceTest.TestGetDepartmentWithEmployees","DisplayName":"TestGetDepartmentWithEmployees","ExecutorUri":"executor://NUnit3TestExecutor","Source":"C:\\Corp\\Velveer\\Participants\\Day9\\FirstAPISolution\\ShoppingAppTest\\bin\\Debug\\net8.0\\fine-code-coverage\\build-output\\ShoppingAppTest.dll","CodeFilePath":null,"LineNumber":0,"Properties":[{"Key":{"Id":"NUnit.Seed","Label":"Seed","Category":"","Description":"","Attributes":0,"ValueType":"System.String"},"Value":"1400628024"}]}]}}
TpTrace Verbose: 0 : 23480, 12, 2024/11/18, 16:23:04.060, 54900921308, vstest.console.dll, TestRunRequest:SendTestRunStatsChange: Starting.
TpTrace Verbose: 0 : 23480, 12, 2024/11/18, 16:23:04.060, 54900922705, vstest.console.dll, InProgress is TestGetDepartmentWithEmployees
TpTrace Verbose: 0 : 23480, 12, 2024/11/18, 16:23:04.060, 54900923247, vstest.console.dll, MulticastDelegateUtilities.SafeInvoke: TestRun.RunStatsChanged: Invoking callbacks was skipped because there are no subscribers.
TpTrace Information: 0 : 23480, 12, 2024/11/18, 16:23:04.060, 54900923493, vstest.console.dll, TestRunRequest:SendTestRunStatsChange: Completed.
TpTrace Verbose: 0 : 23480, 12, 2024/11/18, 16:23:04.060, 54900923690, vstest.console.dll, MulticastDelegateUtilities.SafeInvoke: LengthPrefixCommunicationChannel: MessageReceived: Invoking callback 1/1 for Microsoft.VisualStudio.TestPlatform.CommunicationUtilities.TestRequestSender+<>c__DisplayClass34_0., took 11 ms.
TpTrace Verbose: 0 : 23480, 12, 2024/11/18, 16:23:04.060, 54900923968, vstest.console.dll, TcpClientExtensions.MessageLoopAsync: Polling on remoteEndPoint: 127.0.0.1:56433 localEndPoint: 127.0.0.1:56432 after 487 ms
TpTrace Verbose: 0 : 23480, 12, 2024/11/18, 16:23:04.159, 54901909679, vstest.console.dll, TcpClientExtensions.MessageLoopAsync: NotifyDataAvailable remoteEndPoint: 127.0.0.1:56433 localEndPoint: 127.0.0.1:56432
TpTrace Verbose: 0 : 23480, 12, 2024/11/18, 16:23:04.159, 54901911214, vstest.console.dll, TestRequestSender.OnExecutionMessageReceived: Received message: {"Version":7,"MessageType":"TestSession.Message","Payload":{"MessageLevel":0,"Message":"NUnit Adapter 4.5.0.0: Test execution complete"}}
TpTrace Verbose: 0 : 23480, 12, 2024/11/18, 16:23:04.159, 54901912170, vstest.console.dll, TestRunRequest:SendTestRunMessage: Starting.
TpTrace Verbose: 0 : 23480, 12, 2024/11/18, 16:23:04.159, 54901912713, vstest.console.dll, MulticastDelegateUtilities.SafeInvoke: TestRun.LogMessages: Invoking callback 1/1 for Microsoft.VisualStudio.TestPlatform.CommandLine.TestRunResultAggregator., took 0 ms.
TpTrace Information: 0 : 23480, 12, 2024/11/18, 16:23:04.159, 54901912916, vstest.console.dll, TestRunRequest:SendTestRunMessage: Completed.
TpTrace Verbose: 0 : 23480, 12, 2024/11/18, 16:23:04.159, 54901913147, vstest.console.dll, MulticastDelegateUtilities.SafeInvoke: LengthPrefixCommunicationChannel: MessageReceived: Invoking callback 1/1 for Microsoft.VisualStudio.TestPlatform.CommunicationUtilities.TestRequestSender+<>c__DisplayClass34_0., took 0 ms.
TpTrace Verbose: 0 : 23480, 12, 2024/11/18, 16:23:04.159, 54901913378, vstest.console.dll, TcpClientExtensions.MessageLoopAsync: Polling on remoteEndPoint: 127.0.0.1:56433 localEndPoint: 127.0.0.1:56432 after 98 ms
TpTrace Verbose: 0 : 23480, 4, 2024/11/18, 16:23:04.159, 54901913558, vstest.console.dll, MulticastDelegateUtilities.SafeInvoke: InternalTestLoggerEvents.SendTestRunMessage: Invoking callback 1/1 for Microsoft.VisualStudio.TestPlatform.CommandLine.Internal.ConsoleLogger., took 0 ms.
TpTrace Verbose: 0 : 23480, 12, 2024/11/18, 16:23:04.175, 54902071966, vstest.console.dll, TcpClientExtensions.MessageLoopAsync: NotifyDataAvailable remoteEndPoint: 127.0.0.1:56433 localEndPoint: 127.0.0.1:56432
TpTrace Verbose: 0 : 23480, 12, 2024/11/18, 16:23:04.175, 54902075912, vstest.console.dll, TestRequestSender.OnExecutionMessageReceived: Received message: {"Version":7,"MessageType":"TestExecution.Completed","Payload":{"TestRunCompleteArgs":{"TestRunStatistics":{"ExecutedTests":5,"Stats":{"Passed":3,"Failed":2}},"IsCanceled":false,"IsAborted":false,"Error":null,"AttachmentSets":[],"InvokedDataCollectors":[],"ElapsedTimeInRunningTests":"00:00:01.6006273","Metrics":{},"DiscoveredExtensions":{"TestDiscoverers":["NUnit.VisualStudio.TestAdapter.NUnit3TestDiscoverer, NUnit3.TestAdapter, Version=4.5.0.0, Culture=neutral, PublicKeyToken=4cb40d35494691ac"],"TestExecutors":["executor://NUnit3TestExecutor"],"TestExecutors2":[],"TestSettingsProviders":[]}},"LastRunTests":{"NewTestResults":[{"TestCase":{"Id":"9906ca4e-38f0-7a2f-b14a-ddd778a7e507","FullyQualifiedName":"ShoppingAppTest.DepartmentServiceTest.TestGetDepartmentWithEmployees","DisplayName":"TestGetDepartmentWithEmployees","ExecutorUri":"executor://NUnit3TestExecutor","Source":"C:\\Corp\\Velveer\\Participants\\Day9\\FirstAPISolution\\ShoppingAppTest\\bin\\Debug\\net8.0\\fine-code-coverage\\build-output\\ShoppingAppTest.dll","CodeFilePath":null,"LineNumber":0,"Properties":[{"Key":{"Id":"NUnit.Seed","Label":"Seed","Category":"","Description":"","Attributes":0,"ValueType":"System.String"},"Value":"1400628024"}]},"Attachments":[],"Outcome":1,"ErrorMessage":null,"ErrorStackTrace":null,"DisplayName":"TestGetDepartmentWithEmployees","Messages":[],"ComputerName":"DESKTOP-KVHT2L3","Duration":"00:00:00.4905120","StartTime":"2024-11-18T10:53:03.5993865+00:00","EndTime":"2024-11-18T10:53:04.0898532+00:00","Properties":[{"Key":{"Id":"NUnit.Seed","Label":"Seed","Category":"","Description":"","Attributes":0,"ValueType":"System.String"},"Value":"1400628024"}]},{"TestCase":{"Id":"c48b6a22-2c11-1e95-6b4b-c97b76211614","FullyQualifiedName":"ShoppingAppTest.DepartmentTests.AddDepartmetNullTest","DisplayName":"AddDepartmetNullTest","ExecutorUri":"executor://NUnit3TestExecutor","Source":"C:\\Corp\\Velveer\\Participants\\Day9\\FirstAPISolution\\ShoppingAppTest\\bin\\Debug\\net8.0\\fine-code-coverage\\build-output\\ShoppingAppTest.dll","CodeFilePath":null,"LineNumber":0,"Properties":[{"Key":{"Id":"NUnit.Seed","Label":"Seed","Category":"","Description":"","Attributes":0,"ValueType":"System.String"},"Value":"1831162438"}]},"Attachments":[],"Outcome":1,"ErrorMessage":null,"ErrorStackTrace":null,"DisplayName":"AddDepartmetNullTest","Messages":[],"ComputerName":"DESKTOP-KVHT2L3","Duration":"00:00:00.0262880","StartTime":"2024-11-18T10:53:04.0921568+00:00","EndTime":"2024-11-18T10:53:04.1184437+00:00","Properties":[{"Key":{"Id":"NUnit.Seed","Label":"Seed","Category":"","Description":"","Attributes":0,"ValueType":"System.String"},"Value":"1831162438"}]},{"TestCase":{"Id":"f55931b0-08fb-ea2a-0402-1c9a0d55a76d","FullyQualifiedName":"ShoppingAppTest.DepartmentTests.AddDepartmetSuccessTest","DisplayName":"AddDepartmetSuccessTest","ExecutorUri":"executor://NUnit3TestExecutor","Source":"C:\\Corp\\Velveer\\Participants\\Day9\\FirstAPISolution\\ShoppingAppTest\\bin\\Debug\\net8.0\\fine-code-coverage\\build-output\\ShoppingAppTest.dll","CodeFilePath":null,"LineNumber":0,"Properties":[{"Key":{"Id":"NUnit.Seed","Label":"Seed","Category":"","Description":"","Attributes":0,"ValueType":"System.String"},"Value":"1665383569"}]},"Attachments":[],"Outcome":2,"ErrorMessage":"  Expected: 1\r\n  But was:  3\r\n","ErrorStackTrace":"   at ShoppingAppTest.DepartmentTests.AddDepartmetSuccessTest() in C:\\Corp\\Velveer\\Participants\\Day9\\FirstAPISolution\\ShoppingAppTest\\DepartmentTests.cs:line 34\r\n   at NUnit.Framework.Internal.TaskAwaitAdapter.GenericAdapter`1.GetResult()\r\n   at NUnit.Framework.Internal.AsyncToSyncAdapter.Await(Func`1 invoke)\r\n   at NUnit.Framework.Internal.Commands.TestMethodCommand.RunTestMethod(TestExecutionContext context)\r\n   at NUnit.Framework.Internal.Commands.TestMethodCommand.Execute(TestExecutionContext context)\r\n   at NUnit.Framework.Internal.Commands.BeforeAndAfterTestCommand.<>c__DisplayClass1_0.<Execute>b__0()\r\n   at NUnit.Framework.Internal.Commands.DelegatingTestCommand.RunTestMethodInThreadAbortSafeZone(TestExecutionContext context, Action action)\r\n\n1)    at ShoppingAppTest.DepartmentTests.AddDepartmetSuccessTest() in C:\\Corp\\Velveer\\Participants\\Day9\\FirstAPISolution\\ShoppingAppTest\\DepartmentTests.cs:line 34\r\n   at System.Runtime.CompilerServices.AsyncMethodBuilderCore.Start[TStateMachine](TStateMachine& stateMachine)\r\n   at ShoppingAppTest.DepartmentTests.AddDepartmetSuccessTest()\r\n\n","DisplayName":"AddDepartmetSuccessTest","Messages":[],"ComputerName":"DESKTOP-KVHT2L3","Duration":"00:00:00.0291330","StartTime":"2024-11-18T10:53:04.1184889+00:00","EndTime":"2024-11-18T10:53:04.1476216+00:00","Properties":[{"Key":{"Id":"NUnit.Seed","Label":"Seed","Category":"","Description":"","Attributes":0,"ValueType":"System.String"},"Value":"1665383569"}]},{"TestCase":{"Id":"544a46ed-ce9b-6ca7-e73a-a547783e5582","FullyQualifiedName":"ShoppingAppTest.TestServiceTest.AddTest(100,200,300)","DisplayName":"AddTest(100,200,300)","ExecutorUri":"executor://NUnit3TestExecutor","Source":"C:\\Corp\\Velveer\\Participants\\Day9\\FirstAPISolution\\ShoppingAppTest\\bin\\Debug\\net8.0\\fine-code-coverage\\build-output\\ShoppingAppTest.dll","CodeFilePath":null,"LineNumber":0,"Properties":[{"Key":{"Id":"NUnit.Seed","Label":"Seed","Category":"","Description":"","Attributes":0,"ValueType":"System.String"},"Value":"1562660761"}]},"Attachments":[],"Outcome":1,"ErrorMessage":null,"ErrorStackTrace":null,"DisplayName":"AddTest(100,200,300)","Messages":[],"ComputerName":"DESKTOP-KVHT2L3","Duration":"00:00:00.0003160","StartTime":"2024-11-18T10:53:04.147886+00:00","EndTime":"2024-11-18T10:53:04.1482016+00:00","Properties":[{"Key":{"Id":"NUnit.Seed","Label":"Seed","Category":"","Description":"","Attributes":0,"ValueType":"System.String"},"Value":"1562660761"}]},{"TestCase":{"Id":"bfc1743f-0e3d-3f5f-c2b1-00e2ac62b033","FullyQualifiedName":"ShoppingAppTest.TestServiceTest.AddTest(300,int.MaxValue,-2147483347)","DisplayName":"AddTest(300,int.MaxValue,-2147483347)","ExecutorUri":"executor://NUnit3TestExecutor","Source":"C:\\Corp\\Velveer\\Participants\\Day9\\FirstAPISolution\\ShoppingAppTest\\bin\\Debug\\net8.0\\fine-code-coverage\\build-output\\ShoppingAppTest.dll","CodeFilePath":null,"LineNumber":0,"Properties":[{"Key":{"Id":"NUnit.Seed","Label":"Seed","Category":"","Description":"","Attributes":0,"ValueType":"System.String"},"Value":"1050373449"}]},"Attachments":[],"Outcome":2,"ErrorMessage":"  Expected: -2147483347\r\n  But was:  -2147483349\r\n","ErrorStackTrace":"   at ShoppingAppTest.TestServiceTest.AddTest(Int32 n1, Int32 n2, Int32 result) in C:\\Corp\\Velveer\\Participants\\Day9\\FirstAPISolution\\ShoppingAppTest\\TestServiceTest.cs:line 34\r\n   at InvokeStub_TestServiceTest.AddTest(Object, Span`1)\r\n\n1)    at ShoppingAppTest.TestServiceTest.AddTest(Int32 n1, Int32 n2, Int32 result) in C:\\Corp\\Velveer\\Participants\\Day9\\FirstAPISolution\\ShoppingAppTest\\TestServiceTest.cs:line 34\r\n   at InvokeStub_TestServiceTest.AddTest(Object, Span`1)\r\n\n","DisplayName":"AddTest(300,int.MaxValue,-2147483347)","Messages":[],"ComputerName":"DESKTOP-KVHT2L3","Duration":"00:00:00.0009180","StartTime":"2024-11-18T10:53:04.1482097+00:00","EndTime":"2024-11-18T10:53:04.1491277+00:00","Properties":[{"Key":{"Id":"NUnit.Seed","Label":"Seed","Category":"","Description":"","Attributes":0,"ValueType":"System.String"},"Value":"1050373449"}]}],"TestRunStatistics":{"ExecutedTests":5,"Stats":{"Passed":3,"Failed":2}},"ActiveTests":[]},"RunAttachments":[],"ExecutorUris":["executor://nunit3testexecutor/"]}}
TpTrace Verbose: 0 : 23480, 12, 2024/11/18, 16:23:04.175, 54902077415, vstest.console.dll, TestRequestSender.EndSession: Sending end session.
TpTrace Verbose: 0 : 23480, 12, 2024/11/18, 16:23:04.175, 54902078543, vstest.console.dll, ProxyOperationManager.Close: waiting for test host to exit for 100 ms
TpTrace Verbose: 0 : 23480, 11, 2024/11/18, 16:23:04.184, 54902166875, vstest.console.dll, TestHostManagerCallbacks.ctor: Experimental forwarding output is disabled.
TpTrace Warning: 0 : 23480, 11, 2024/11/18, 16:23:04.184, 54902168170, vstest.console.dll, TestHostManagerCallbacks.ErrorReceivedCallback Test host standard error line: 
TpTrace Verbose: 0 : 23480, 11, 2024/11/18, 16:23:04.195, 54902275749, vstest.console.dll, TestHostProvider.ExitCallBack: Host exited starting callback.
TpTrace Information: 0 : 23480, 11, 2024/11/18, 16:23:04.196, 54902279152, vstest.console.dll, TestHostManagerCallbacks.ExitCallBack: Testhost processId: 19720 exited with exitcode: 0 error: ''
TpTrace Verbose: 0 : 23480, 11, 2024/11/18, 16:23:04.196, 54902279552, vstest.console.dll, DotnetTestHostManager.OnHostExited: invoking OnHostExited callback
TpTrace Verbose: 0 : 23480, 11, 2024/11/18, 16:23:04.196, 54902279940, vstest.console.dll, CrossPlatEngine.TestHostManagerHostExited: calling on client process exit callback.
TpTrace Information: 0 : 23480, 11, 2024/11/18, 16:23:04.196, 54902280241, vstest.console.dll, TestRequestSender.OnClientProcessExit: Test host process exited. Standard error: 
TpTrace Information: 0 : 23480, 11, 2024/11/18, 16:23:04.196, 54902280497, vstest.console.dll, SocketServer.Stop: Stop server endPoint: 127.0.0.1:56432
TpTrace Information: 0 : 23480, 11, 2024/11/18, 16:23:04.196, 54902280633, vstest.console.dll, SocketServer.Stop: Cancellation requested. Stopping message loop.
TpTrace Information: 0 : 23480, 12, 2024/11/18, 16:23:04.196, 54902280864, vstest.console.dll, SocketServer.Stop: Stop server endPoint: 127.0.0.1:56432
TpTrace Verbose: 0 : 23480, 11, 2024/11/18, 16:23:04.196, 54902281262, vstest.console.dll, MulticastDelegateUtilities.SafeInvoke: HostProviderEvents.OnHostExited: Invoking callback 1/1 for Microsoft.VisualStudio.TestPlatform.CrossPlatEngine.Client.ProxyOperationManager., took 0 ms.
TpTrace Information: 0 : 23480, 12, 2024/11/18, 16:23:04.196, 54902281392, vstest.console.dll, SocketServer.Stop: Cancellation requested. Stopping message loop.
TpTrace Information: 0 : 23480, 12, 2024/11/18, 16:23:04.196, 54902281768, vstest.console.dll, Closing the connection
TpTrace Verbose: 0 : 23480, 12, 2024/11/18, 16:23:04.196, 54902283307, vstest.console.dll, ProxyDataCollectionManager.InvokeDataCollectionServiceAction: Starting.
TpTrace Information: 0 : 23480, 12, 2024/11/18, 16:23:04.196, 54902283592, vstest.console.dll, ProxyDataCollectionManager.AfterTestRunEnd: Get attachment set and invoked data collectors processId: 17760 port: 56429
TpTrace Verbose: 0 : 23480, 12, 2024/11/18, 16:23:04.196, 54902283834, vstest.console.dll, DataCollectionRequestSender.SendAfterTestRunStartAndGetResult: Send AfterTestRunEnd message with isCancelled: False
TpTrace Verbose: 0 : 23480, 12, 2024/11/18, 16:23:04.200, 54902326126, vstest.console.dll, DataCollectionRequestSender.SendAfterTestRunStartAndGetResult: Received message: (DataCollection.AfterTestRunEndResult) -> {"MessageType":"DataCollection.AfterTestRunEndResult","Payload":{"AttachmentSets":[],"InvokedDataCollectors":[{"Uri":"datacollector://Microsoft/TestPlatform/Extensions/Blame/v1","FriendlyName":"Blame","AssemblyQualifiedName":"Microsoft.TestPlatform.Extensions.BlameDataCollector.BlameCollector, Microsoft.TestPlatform.Extensions.BlameDataCollector, Version=15.0.0.0, Culture=neutral, PublicKeyToken=b03f5f7f11d50a3a","FilePath":"C:\\Program Files\\dotnet\\sdk\\8.0.303\\Extensions\\Microsoft.TestPlatform.Extensions.BlameDataCollector.dll","HasAttachmentProcessor":false}],"Metrics":{}}}
TpTrace Information: 0 : 23480, 12, 2024/11/18, 16:23:04.204, 54902361060, vstest.console.dll, ProxyDataCollectionManager.InvokeDataCollectionServiceAction: Completed.
TpTrace Warning: 0 : 23480, 10, 2024/11/18, 16:23:04.205, 54902375708, vstest.console.dll, DataCollectionLauncher.ErrorReceivedCallback datacollector standard error line: 
TpTrace Information: 0 : 23480, 10, 2024/11/18, 16:23:04.210, 54902426291, vstest.console.dll, DataCollectionLauncher.ExitCallBack: Data collector exited with exitcode: 0 error: ''
TpTrace Verbose: 0 : 23480, 12, 2024/11/18, 16:23:04.235, 54902672617, vstest.console.dll, TestRunRequest:SendTestRunStatsChange: Starting.
TpTrace Verbose: 0 : 23480, 12, 2024/11/18, 16:23:04.235, 54902674883, vstest.console.dll, MulticastDelegateUtilities.SafeInvoke: TestRun.RunStatsChanged: Invoking callbacks was skipped because there are no subscribers.
TpTrace Information: 0 : 23480, 12, 2024/11/18, 16:23:04.235, 54902675310, vstest.console.dll, TestRunRequest:SendTestRunStatsChange: Completed.
TpTrace Verbose: 0 : 23480, 12, 2024/11/18, 16:23:04.235, 54902677151, vstest.console.dll, ParallelProxyExecutionManager: HandlePartialRunComplete: Total workloads = 1, Total started clients = 1 Total completed clients = 1, Run complete = True, Run canceled: False.
TpTrace Verbose: 0 : 23480, 12, 2024/11/18, 16:23:04.235, 54902677406, vstest.console.dll, ParallelProxyExecutionManager: HandlePartialRunComplete: All runs completed stopping all managers.
TpTrace Verbose: 0 : 23480, 12, 2024/11/18, 16:23:04.235, 54902677594, vstest.console.dll, ParallelOperationManager.StopAllManagers: Stopping all managers.
TpTrace Verbose: 0 : 23480, 12, 2024/11/18, 16:23:04.235, 54902677785, vstest.console.dll, ParallelOperationManager.ClearSlots: Clearing all slots. Slots should accept more work: False
TpTrace Verbose: 0 : 23480, 12, 2024/11/18, 16:23:04.235, 54902678152, vstest.console.dll, ParallelOperationManager.SetOccupiedSlotCount: Setting slot counts AvailableSlotCount = 1, OccupiedSlotCount = 0.
TpTrace Verbose: 0 : 23480, 12, 2024/11/18, 16:23:04.235, 54902678360, vstest.console.dll, Occupied slots:

TpTrace Verbose: 0 : 23480, 4, 2024/11/18, 16:23:04.237, 54902691048, vstest.console.dll, MulticastDelegateUtilities.SafeInvoke: InternalTestLoggerEvents.SendTestResult: Invoking callback 1/1 for Microsoft.VisualStudio.TestPlatform.CommandLine.Internal.ConsoleLogger., took 1 ms.
TpTrace Verbose: 0 : 23480, 4, 2024/11/18, 16:23:04.237, 54902693958, vstest.console.dll, MulticastDelegateUtilities.SafeInvoke: InternalTestLoggerEvents.SendTestResult: Invoking callback 1/1 for Microsoft.VisualStudio.TestPlatform.CommandLine.Internal.ConsoleLogger., took 0 ms.
TpTrace Verbose: 0 : 23480, 4, 2024/11/18, 16:23:04.237, 54902697964, vstest.console.dll, MulticastDelegateUtilities.SafeInvoke: InternalTestLoggerEvents.SendTestResult: Invoking callback 1/1 for Microsoft.VisualStudio.TestPlatform.CommandLine.Internal.ConsoleLogger., took 0 ms.
TpTrace Verbose: 0 : 23480, 4, 2024/11/18, 16:23:04.238, 54902698935, vstest.console.dll, MulticastDelegateUtilities.SafeInvoke: InternalTestLoggerEvents.SendTestResult: Invoking callback 1/1 for Microsoft.VisualStudio.TestPlatform.CommandLine.Internal.ConsoleLogger., took 0 ms.
TpTrace Verbose: 0 : 23480, 4, 2024/11/18, 16:23:04.238, 54902700000, vstest.console.dll, MulticastDelegateUtilities.SafeInvoke: InternalTestLoggerEvents.SendTestResult: Invoking callback 1/1 for Microsoft.VisualStudio.TestPlatform.CommandLine.Internal.ConsoleLogger., took 0 ms.
TpTrace Verbose: 0 : 23480, 4, 2024/11/18, 16:23:04.241, 54902732519, vstest.console.dll, MulticastDelegateUtilities.SafeInvoke: InternalTestLoggerEvents.SendTestRunComplete: Invoking callback 1/2 for Microsoft.TestPlatform.Extensions.BlameDataCollector.BlameLogger., took 0 ms.
TpTrace Verbose: 0 : 23480, 4, 2024/11/18, 16:23:04.244, 54902761623, vstest.console.dll, MulticastDelegateUtilities.SafeInvoke: InternalTestLoggerEvents.SendTestRunComplete: Invoking callback 2/2 for Microsoft.VisualStudio.TestPlatform.CommandLine.Internal.ConsoleLogger., took 2 ms.
TpTrace Verbose: 0 : 23480, 12, 2024/11/18, 16:23:04.244, 54902765166, vstest.console.dll, TestRunRequest:TestRunComplete: Starting. IsAborted:False IsCanceled:False.
TpTrace Verbose: 0 : 23480, 12, 2024/11/18, 16:23:04.244, 54902767584, vstest.console.dll, ParallelOperationManager.DoActionOnAllManagers: Calling an action on all managers.
TpTrace Verbose: 0 : 23480, 12, 2024/11/18, 16:23:04.245, 54902774876, vstest.console.dll, TestLoggerManager.HandleTestRunComplete: Ignoring as the object is disposed.
TpTrace Verbose: 0 : 23480, 12, 2024/11/18, 16:23:04.245, 54902776400, vstest.console.dll, MulticastDelegateUtilities.SafeInvoke: TestRun.TestRunComplete: Invoking callback 1/2 for Microsoft.VisualStudio.TestPlatform.CommandLine.TestRunResultAggregator., took 0 ms.
TpTrace Verbose: 0 : 23480, 12, 2024/11/18, 16:23:04.245, 54902777124, vstest.console.dll, MulticastDelegateUtilities.SafeInvoke: TestRun.TestRunComplete: Invoking callback 2/2 for Microsoft.VisualStudio.TestPlatform.CommandLine.Processors.RunTestsArgumentExecutor+TestRunRequestEventsRegistrar., took 0 ms.
TpTrace Information: 0 : 23480, 12, 2024/11/18, 16:23:04.245, 54902777738, vstest.console.dll, TestRunRequest:TestRunComplete: Completed.
TpTrace Verbose: 0 : 23480, 12, 2024/11/18, 16:23:04.245, 54902777994, vstest.console.dll, TestRequestSender.SetOperationComplete: Setting operation complete.
TpTrace Information: 0 : 23480, 12, 2024/11/18, 16:23:04.245, 54902778149, vstest.console.dll, SocketServer.Stop: Stop server endPoint: 127.0.0.1:56432
TpTrace Information: 0 : 23480, 12, 2024/11/18, 16:23:04.245, 54902778278, vstest.console.dll, SocketServer.Stop: Cancellation requested. Stopping message loop.
TpTrace Verbose: 0 : 23480, 12, 2024/11/18, 16:23:04.245, 54902778478, vstest.console.dll, MulticastDelegateUtilities.SafeInvoke: LengthPrefixCommunicationChannel: MessageReceived: Invoking callback 1/1 for Microsoft.VisualStudio.TestPlatform.CommunicationUtilities.TestRequestSender+<>c__DisplayClass34_0., took 70 ms.
TpTrace Information: 0 : 23480, 12, 2024/11/18, 16:23:04.245, 54902778696, vstest.console.dll, SocketServer.PrivateStop: Stopping server endPoint: 127.0.0.1:56432 error: 
TpTrace Verbose: 0 : 23480, 1, 2024/11/18, 16:23:04.246, 54902779051, vstest.console.dll, TestRunRequest.Dispose: Starting.
TpTrace Information: 0 : 23480, 1, 2024/11/18, 16:23:04.246, 54902779836, vstest.console.dll, TestRunRequest.Dispose: Completed.
TpTrace Information: 0 : 23480, 1, 2024/11/18, 16:23:04.246, 54902780478, vstest.console.dll, TestRequestManager.RunTests: run tests completed.
TpTrace Information: 0 : 23480, 1, 2024/11/18, 16:23:04.246, 54902781488, vstest.console.dll, RunTestsArgumentProcessor:Execute: Test run is completed.
TpTrace Verbose: 0 : 23480, 12, 2024/11/18, 16:23:04.246, 54902782061, vstest.console.dll, LengthPrefixCommunicationChannel.Dispose: Dispose reader and writer.
TpTrace Information: 0 : 23480, 12, 2024/11/18, 16:23:04.246, 54902782587, vstest.console.dll, SocketServer.Stop: Raise disconnected event endPoint: 127.0.0.1:56432 error: 
TpTrace Verbose: 0 : 23480, 1, 2024/11/18, 16:23:04.246, 54902783072, vstest.console.dll, Executor.Execute: Exiting with exit code of 1
TpTrace Verbose: 0 : 23480, 12, 2024/11/18, 16:23:04.246, 54902783114, vstest.console.dll, TestRequestSender: OnTestRunAbort: Operation is already complete. Skip error message.
TpTrace Verbose: 0 : 23480, 12, 2024/11/18, 16:23:04.246, 54902783411, vstest.console.dll, MulticastDelegateUtilities.SafeInvoke: SocketServer: ClientDisconnected: Invoking callback 1/1 for Microsoft.VisualStudio.TestPlatform.CommunicationUtilities.TestRequestSender., took 0 ms.
TpTrace Verbose: 0 : 23480, 12, 2024/11/18, 16:23:04.246, 54902783575, vstest.console.dll, TcpClientExtensions.MessageLoopAsync: exiting MessageLoopAsync remoteEndPoint: 127.0.0.1:56433 localEndPoint: 127.0.0.1:56432
